Using pre-set license
Built from '2021.2/staging' branch; Version is '2021.2.8f1 (d0e5f0a7b06a) revision 13690352'; Using compiler version '192829333'; Build Type 'Release'
OS: 'Windows 10  (10.0.19043) 64bit Professional' Language: 'en' Physical Memory: 16326 MB
BatchMode: 1, IsHumanControllingUs: 0, StartBugReporterOnCrash: 0, Is64bit: 1, IsPro: 0

COMMAND LINE ARGUMENTS:
C:\Program Files\Unity\Hub\Editor\2021.2.8f1\Editor\Unity.exe
-adb2
-batchMode
-noUpm
-name
AssetImportWorker3
-projectPath
D:/Personal/Unity/Licenta-M/Licenta-M
-logFile
Logs/AssetImportWorker3.log
-srvPort
54271
Successfully changed project path to: D:/Personal/Unity/Licenta-M/Licenta-M
D:/Personal/Unity/Licenta-M/Licenta-M
[UnityMemory] Configuration Parameters - Can be set up in boot.config
    "memorysetup-bucket-allocator-granularity=16"
    "memorysetup-bucket-allocator-bucket-count=8"
    "memorysetup-bucket-allocator-block-size=33554432"
    "memorysetup-bucket-allocator-block-count=8"
    "memorysetup-main-allocator-block-size=16777216"
    "memorysetup-thread-allocator-block-size=16777216"
    "memorysetup-gfx-main-allocator-block-size=16777216"
    "memorysetup-gfx-thread-allocator-block-size=16777216"
    "memorysetup-cache-allocator-block-size=4194304"
    "memorysetup-typetree-allocator-block-size=2097152"
    "memorysetup-profiler-bucket-allocator-granularity=16"
    "memorysetup-profiler-bucket-allocator-bucket-count=8"
    "memorysetup-profiler-bucket-allocator-block-size=33554432"
    "memorysetup-profiler-bucket-allocator-block-count=8"
    "memorysetup-profiler-allocator-block-size=16777216"
    "memorysetup-profiler-editor-allocator-block-size=1048576"
    "memorysetup-temp-allocator-size-main=16777216"
    "memorysetup-job-temp-allocator-block-size=2097152"
    "memorysetup-job-temp-allocator-block-size-background=1048576"
    "memorysetup-job-temp-allocator-reduction-small-platforms=262144"
    "memorysetup-temp-allocator-size-background-worker=32768"
    "memorysetup-temp-allocator-size-job-worker=262144"
    "memorysetup-temp-allocator-size-preload-manager=33554432"
    "memorysetup-temp-allocator-size-nav-mesh-worker=65536"
    "memorysetup-temp-allocator-size-audio-worker=65536"
    "memorysetup-temp-allocator-size-cloud-worker=32768"
    "memorysetup-temp-allocator-size-gi-baking-worker=262144"
    "memorysetup-temp-allocator-size-gfx=262144"
Refreshing native plugins compatible for Editor in 119.39 ms, found 3 plugins.
Preloading 0 native plugins for Editor in 0.00 ms.
Initialize engine version: 2021.2.8f1 (d0e5f0a7b06a)
[Subsystems] Discovering subsystems at path C:/Program Files/Unity/Hub/Editor/2021.2.8f1/Editor/Data/Resources/UnitySubsystems
[Subsystems] Discovering subsystems at path D:/Personal/Unity/Licenta-M/Licenta-M/Assets
GfxDevice: creating device client; threaded=0; jobified=0
Direct3D:
    Version:  Direct3D 11.0 [level 11.1]
    Renderer: Radeon RX 580 Series (ID=0x67df)
    Vendor:   ATI
    VRAM:     8171 MB
    Driver:   30.0.14011.3017
Initialize mono
Mono path[0] = 'C:/Program Files/Unity/Hub/Editor/2021.2.8f1/Editor/Data/Managed'
Mono path[1] = 'C:/Program Files/Unity/Hub/Editor/2021.2.8f1/Editor/Data/MonoBleedingEdge/lib/mono/unityjit-win32'
Mono config path = 'C:/Program Files/Unity/Hub/Editor/2021.2.8f1/Editor/Data/MonoBleedingEdge/etc'
Using monoOptions --debugger-agent=transport=dt_socket,embedding=1,server=y,suspend=n,address=127.0.0.1:56348
Begin MonoManager ReloadAssembly
Registering precompiled unity dll's ...
Register platform support module: C:/Program Files/Unity/Hub/Editor/2021.2.8f1/Editor/Data/PlaybackEngines/WindowsStandaloneSupport/UnityEditor.WindowsStandalone.Extensions.dll
Registered in 0.008403 seconds.
Native extension for WindowsStandalone target not found
Refreshing native plugins compatible for Editor in 109.06 ms, found 3 plugins.
Preloading 0 native plugins for Editor in 0.00 ms.
Mono: successfully reloaded assembly
- Completed reload, in  0.638 seconds
Domain Reload Profiling:
	ReloadAssembly (639ms)
		BeginReloadAssembly (80ms)
			ExecutionOrderSort (0ms)
			DisableScriptedObjects (0ms)
			BackupInstance (0ms)
			ReleaseScriptingObjects (0ms)
			CreateAndSetChildDomain (1ms)
		EndReloadAssembly (475ms)
			LoadAssemblies (76ms)
			RebuildTransferFunctionScriptingTraits (0ms)
			SetupTypeCache (95ms)
			ReleaseScriptCaches (0ms)
			RebuildScriptCaches (25ms)
			SetupLoadedEditorAssemblies (303ms)
				LogAssemblyErrors (0ms)
				InitializePlatformSupportModulesInManaged (16ms)
				SetLoadedEditorAssemblies (0ms)
				RefreshPlugins (109ms)
				BeforeProcessingInitializeOnLoad (1ms)
				ProcessInitializeOnLoadAttributes (137ms)
				ProcessInitializeOnLoadMethodAttributes (40ms)
				AfterProcessingInitializeOnLoad (0ms)
				EditorAssembliesLoaded (0ms)
			ExecutionOrderSort2 (0ms)
			AwakeInstancesAfterBackupRestoration (0ms)
Platform modules already initialized, skipping
Registering precompiled user dll's ...
Registered in 0.008812 seconds.
Begin MonoManager ReloadAssembly
Symbol file LoadedFromMemory doesn't match image D:\Personal\Unity\Licenta-M\Licenta-M\Library\PackageCache\com.unity.visualscripting@1.7.6\Editor\VisualScripting.Core\Dependencies\YamlDotNet\Unity.VisualScripting.YamlDotNet.dll
Symbol file LoadedFromMemory doesn't match image D:\Personal\Unity\Licenta-M\Licenta-M\Library\PackageCache\com.unity.visualscripting@1.7.6\Editor\VisualScripting.Core\Dependencies\DotNetZip\Unity.VisualScripting.IonicZip.dll
Native extension for WindowsStandalone target not found
Refreshing native plugins compatible for Editor in 112.68 ms, found 3 plugins.
Preloading 0 native plugins for Editor in 0.00 ms.
Mono: successfully reloaded assembly
- Completed reload, in  2.013 seconds
Domain Reload Profiling:
	ReloadAssembly (2014ms)
		BeginReloadAssembly (116ms)
			ExecutionOrderSort (0ms)
			DisableScriptedObjects (5ms)
			BackupInstance (0ms)
			ReleaseScriptingObjects (0ms)
			CreateAndSetChildDomain (20ms)
		EndReloadAssembly (1784ms)
			LoadAssemblies (102ms)
			RebuildTransferFunctionScriptingTraits (0ms)
			SetupTypeCache (311ms)
			ReleaseScriptCaches (1ms)
			RebuildScriptCaches (76ms)
			SetupLoadedEditorAssemblies (1251ms)
				LogAssemblyErrors (0ms)
				InitializePlatformSupportModulesInManaged (16ms)
				SetLoadedEditorAssemblies (0ms)
				RefreshPlugins (113ms)
				BeforeProcessingInitializeOnLoad (122ms)
				ProcessInitializeOnLoadAttributes (885ms)
				ProcessInitializeOnLoadMethodAttributes (104ms)
				AfterProcessingInitializeOnLoad (10ms)
				EditorAssembliesLoaded (0ms)
			ExecutionOrderSort2 (0ms)
			AwakeInstancesAfterBackupRestoration (5ms)
Platform modules already initialized, skipping
========================================================================
Worker process is ready to serve import requests
Launched and connected shader compiler UnityShaderCompiler.exe after 0.08 seconds
Refreshing native plugins compatible for Editor in 0.89 ms, found 3 plugins.
Preloading 0 native plugins for Editor in 0.00 ms.
Unloading 5836 Unused Serialized files (Serialized files now loaded: 0)
Unloading 40 unused Assets / (0.7 MB). Loaded Objects now: 6310.
Memory consumption went from 224.1 MB to 223.4 MB.
Total: 4.374900 ms (FindLiveObjects: 0.410800 ms CreateObjectMapping: 0.363900 ms MarkObjects: 3.341700 ms  DeleteObjects: 0.257100 ms)

AssetImportParameters requested are different than current active one (requested -> active):
  custom:video-decoder-ogg-theora: a1e56fd34408186e4bbccfd4996cb3dc -> 
  custom:container-muxer-webm: aa71ff27fc2769a1b78a27578f13a17b -> 
  custom:container-demuxer-webm: 4f35f7cbe854078d1ac9338744f61a02 -> 
  custom:video-encoder-webm-vp8: eb34c28f22e8b96e1ab97ce403110664 -> 
  custom:audio-encoder-webm-vorbis: bf7c407c2cedff20999df2af8eb42d56 -> 
  custom:framework-win-MediaFoundation: 216162199b28c13a410421893ffa2e32 -> 
  custom:container-demuxer-ogg: 62fdf1f143b41e24485cea50d1cbac27 -> 
  custom:video-decoder-webm-vp8: 9c59270c3fd7afecdb556c50c9e8de78 -> 
  custom:audio-decoder-ogg-vorbis: bf7c407c2cedff20999df2af8eb42d56 -> 
========================================================================
Received Import Request.
  Time since last request: 37362.727262 seconds.
  path: Assets/PolygonCity/Models/Collisions/SM_Bld_Apartment_01_Convex.asset
  artifactKey: Guid(17c2eb511030fdf4eaee13940fbf76a7) Importer(815301076,1909f56bfc062723c751e8b465ee728b)
Start importing Assets/PolygonCity/Models/Collisions/SM_Bld_Apartment_01_Convex.asset using Guid(17c2eb511030fdf4eaee13940fbf76a7) Importer(815301076,1909f56bfc062723c751e8b465ee728b)  -> (artifact id: 'd4144cbbbc42f685ca9d453913e8cb1f') in 0.159167 seconds 
========================================================================
Received Import Request.
  Time since last request: 0.000026 seconds.
  path: Assets/PolygonCity/Models/Collisions/SM_Bld_Apartment_Door_01_Convex 2.asset
  artifactKey: Guid(47aba856fa86fea44926cf27ef013732) Importer(815301076,1909f56bfc062723c751e8b465ee728b)
Start importing Assets/PolygonCity/Models/Collisions/SM_Bld_Apartment_Door_01_Convex 2.asset using Guid(47aba856fa86fea44926cf27ef013732) Importer(815301076,1909f56bfc062723c751e8b465ee728b)  -> (artifact id: 'ecf92a38856b71871daafa7f9ce67e9d') in 0.032249 seconds 
========================================================================
Received Import Request.
  Time since last request: 0.000040 seconds.
  path: Assets/PolygonCity/Models/Collisions/SM_Bld_Apartment_Door_01_Convex 1.asset
  artifactKey: Guid(c9a89290e20bcfc4985bc47fcc8f7e75) Importer(815301076,1909f56bfc062723c751e8b465ee728b)
Start importing Assets/PolygonCity/Models/Collisions/SM_Bld_Apartment_Door_01_Convex 1.asset using Guid(c9a89290e20bcfc4985bc47fcc8f7e75) Importer(815301076,1909f56bfc062723c751e8b465ee728b)  -> (artifact id: 'c0903506b4f31a1a8c0c8d5513020dac') in 0.021356 seconds 
========================================================================
Received Import Request.
  Time since last request: 0.000024 seconds.
  path: Assets/PolygonCity/Models/Collisions/SM_Bld_Apartment_Door_Corner_02_Convex.asset
  artifactKey: Guid(1336c8066ba822e419f13bc7e8fba8ba) Importer(815301076,1909f56bfc062723c751e8b465ee728b)
Start importing Assets/PolygonCity/Models/Collisions/SM_Bld_Apartment_Door_Corner_02_Convex.asset using Guid(1336c8066ba822e419f13bc7e8fba8ba) Importer(815301076,1909f56bfc062723c751e8b465ee728b)  -> (artifact id: 'd3273afe8bb19d194aed60e8010a90b4') in 0.017974 seconds 
========================================================================
Received Import Request.
  Time since last request: 0.000033 seconds.
  path: Assets/PolygonCity/Models/Collisions/SM_Bld_Apartment_03_Convex 2.asset
  artifactKey: Guid(fabea28af68b5d4428358e8e0d2ccd51) Importer(815301076,1909f56bfc062723c751e8b465ee728b)
Start importing Assets/PolygonCity/Models/Collisions/SM_Bld_Apartment_03_Convex 2.asset using Guid(fabea28af68b5d4428358e8e0d2ccd51) Importer(815301076,1909f56bfc062723c751e8b465ee728b)  -> (artifact id: 'cbdea20bd4914ccd3e9eae7de4130239') in 0.019242 seconds 
========================================================================
Received Import Request.
  Time since last request: 0.000026 seconds.
  path: Assets/PolygonCity/Models/Collisions/SM_Bld_FireEscape_02_Convex 1.asset
  artifactKey: Guid(fc6f9f7e6d462034f8372d5d91ad3b2e) Importer(815301076,1909f56bfc062723c751e8b465ee728b)
Start importing Assets/PolygonCity/Models/Collisions/SM_Bld_FireEscape_02_Convex 1.asset using Guid(fc6f9f7e6d462034f8372d5d91ad3b2e) Importer(815301076,1909f56bfc062723c751e8b465ee728b)  -> (artifact id: '14b74a4c4de4e16a003066f045c9ddd9') in 0.066688 seconds 
========================================================================
Received Import Request.
  Time since last request: 0.000029 seconds.
  path: Assets/PolygonCity/Models/Collisions/SM_Bld_Apartment_Stack_02_Convex.asset
  artifactKey: Guid(b8702454cecb2ae4e95a3ecf4f69f178) Importer(815301076,1909f56bfc062723c751e8b465ee728b)
Start importing Assets/PolygonCity/Models/Collisions/SM_Bld_Apartment_Stack_02_Convex.asset using Guid(b8702454cecb2ae4e95a3ecf4f69f178) Importer(815301076,1909f56bfc062723c751e8b465ee728b)  -> (artifact id: 'f8008b8669d52297c71da075ddf3c23a') in 0.013941 seconds 
========================================================================
Received Import Request.
  Time since last request: 0.000028 seconds.
  path: Assets/PolygonCity/Models/Collisions/SM_Bld_Apartment_Stack_03_Convex.asset
  artifactKey: Guid(b450973a3d32841448862b43e9ea12d4) Importer(815301076,1909f56bfc062723c751e8b465ee728b)
Start importing Assets/PolygonCity/Models/Collisions/SM_Bld_Apartment_Stack_03_Convex.asset using Guid(b450973a3d32841448862b43e9ea12d4) Importer(815301076,1909f56bfc062723c751e8b465ee728b)  -> (artifact id: 'd42f2e2c3c8cad81a14825adb5f624f0') in 0.014863 seconds 
========================================================================
Received Import Request.
  Time since last request: 0.000034 seconds.
  path: Assets/PolygonCity/Models/Collisions/SM_Bld_Apartment_Stairs_01_Convex.asset
  artifactKey: Guid(ed0cdc21e47e51a4d9ff2619bad8ca96) Importer(815301076,1909f56bfc062723c751e8b465ee728b)
Start importing Assets/PolygonCity/Models/Collisions/SM_Bld_Apartment_Stairs_01_Convex.asset using Guid(ed0cdc21e47e51a4d9ff2619bad8ca96) Importer(815301076,1909f56bfc062723c751e8b465ee728b)  -> (artifact id: '58110239af009c81941e8c0d8f5c37e4') in 0.017035 seconds 
========================================================================
Received Import Request.
  Time since last request: 0.000023 seconds.
  path: Assets/PolygonCity/Models/Collisions/SM_Bld_CityHall_01_Convex 2.asset
  artifactKey: Guid(5c7b4279da146b94480095e09eb08388) Importer(815301076,1909f56bfc062723c751e8b465ee728b)
Start importing Assets/PolygonCity/Models/Collisions/SM_Bld_CityHall_01_Convex 2.asset using Guid(5c7b4279da146b94480095e09eb08388) Importer(815301076,1909f56bfc062723c751e8b465ee728b)  -> (artifact id: '5165bc0273a67d7162f900e6f0e73b23') in 0.044803 seconds 
========================================================================
Received Import Request.
  Time since last request: 0.000023 seconds.
  path: Assets/PolygonCity/Models/Collisions/SM_Bld_OfficeOld_Large_01_Convex 1.asset
  artifactKey: Guid(6a6f7360abb0a35458944cb358504c09) Importer(815301076,1909f56bfc062723c751e8b465ee728b)
Start importing Assets/PolygonCity/Models/Collisions/SM_Bld_OfficeOld_Large_01_Convex 1.asset using Guid(6a6f7360abb0a35458944cb358504c09) Importer(815301076,1909f56bfc062723c751e8b465ee728b)  -> (artifact id: 'a883054b8a4b615b066bd90bbc90a6c2') in 0.027137 seconds 
========================================================================
Received Import Request.
  Time since last request: 0.000023 seconds.
  path: Assets/PolygonCity/Models/Collisions/SM_Bld_Apartment_Stairs_01_Convex 2.asset
  artifactKey: Guid(195ab0e43d8bd584788792f4f12a0565) Importer(815301076,1909f56bfc062723c751e8b465ee728b)
Start importing Assets/PolygonCity/Models/Collisions/SM_Bld_Apartment_Stairs_01_Convex 2.asset using Guid(195ab0e43d8bd584788792f4f12a0565) Importer(815301076,1909f56bfc062723c751e8b465ee728b)  -> (artifact id: '486bb6cd5d572da31f40555da30c71d0') in 0.046074 seconds 
========================================================================
Received Import Request.
  Time since last request: 0.000037 seconds.
  path: Assets/PolygonCity/Models/Collisions/SM_Bld_Apartment_Door_02_Convex 2.asset
  artifactKey: Guid(4da84be5638a1b544bfd5472e91f78a7) Importer(815301076,1909f56bfc062723c751e8b465ee728b)
Start importing Assets/PolygonCity/Models/Collisions/SM_Bld_Apartment_Door_02_Convex 2.asset using Guid(4da84be5638a1b544bfd5472e91f78a7) Importer(815301076,1909f56bfc062723c751e8b465ee728b)  -> (artifact id: '2147f7f87d3ffadad3758976c345ed97') in 0.013577 seconds 
========================================================================
Received Import Request.
  Time since last request: 0.000031 seconds.
  path: Assets/PolygonCity/Models/Collisions/SM_Bld_OfficeOld_Large_Base_01_Convex 1.asset
  artifactKey: Guid(41692fb0767ef1e4fadf962f8074545f) Importer(815301076,1909f56bfc062723c751e8b465ee728b)
Start importing Assets/PolygonCity/Models/Collisions/SM_Bld_OfficeOld_Large_Base_01_Convex 1.asset using Guid(41692fb0767ef1e4fadf962f8074545f) Importer(815301076,1909f56bfc062723c751e8b465ee728b)  -> (artifact id: '961d3d6d74264d68e34c7732581c5011') in 0.019115 seconds 
========================================================================
Received Import Request.
  Time since last request: 0.000026 seconds.
  path: Assets/PolygonCity/Models/Collisions/SM_Bld_Apartment_Corner_01_Convex 2.asset
  artifactKey: Guid(5d932c27263caa04d97c8fc9e7da1a78) Importer(815301076,1909f56bfc062723c751e8b465ee728b)
Start importing Assets/PolygonCity/Models/Collisions/SM_Bld_Apartment_Corner_01_Convex 2.asset using Guid(5d932c27263caa04d97c8fc9e7da1a78) Importer(815301076,1909f56bfc062723c751e8b465ee728b)  -> (artifact id: 'ca11401ae7519faab291a9f0e6d81992') in 0.012231 seconds 
========================================================================
Received Import Request.
  Time since last request: 0.000031 seconds.
  path: Assets/PolygonCity/Models/Collisions/SM_Bld_Apartment_Corner_01_Convex 1.asset
  artifactKey: Guid(3ae13dbba9d922745a0c303c1287bb1a) Importer(815301076,1909f56bfc062723c751e8b465ee728b)
Start importing Assets/PolygonCity/Models/Collisions/SM_Bld_Apartment_Corner_01_Convex 1.asset using Guid(3ae13dbba9d922745a0c303c1287bb1a) Importer(815301076,1909f56bfc062723c751e8b465ee728b)  -> (artifact id: '87f9fe17c9df025ade443225411ac42a') in 0.018919 seconds 
========================================================================
Received Import Request.
  Time since last request: 0.000025 seconds.
  path: Assets/PolygonCity/Models/Collisions/SM_Bld_Apartment_Stairs_01_Convex 1.asset
  artifactKey: Guid(e5a92ee87cb0c714fb80e1999e8b6692) Importer(815301076,1909f56bfc062723c751e8b465ee728b)
Start importing Assets/PolygonCity/Models/Collisions/SM_Bld_Apartment_Stairs_01_Convex 1.asset using Guid(e5a92ee87cb0c714fb80e1999e8b6692) Importer(815301076,1909f56bfc062723c751e8b465ee728b)  -> (artifact id: '490f7f461781859d1e96e1f58426e15c') in 0.064783 seconds 
========================================================================
Received Import Request.
  Time since last request: 0.000022 seconds.
  path: Assets/PolygonCity/Models/Collisions/SM_Bld_OfficeOld_Large_02_Convex 1.asset
  artifactKey: Guid(653b63cf4e5fdfd47962000c6f85b7c2) Importer(815301076,1909f56bfc062723c751e8b465ee728b)
Start importing Assets/PolygonCity/Models/Collisions/SM_Bld_OfficeOld_Large_02_Convex 1.asset using Guid(653b63cf4e5fdfd47962000c6f85b7c2) Importer(815301076,1909f56bfc062723c751e8b465ee728b)  -> (artifact id: 'c0fc345db2acd08218e890e92b07e79f') in 0.025987 seconds 
========================================================================
Received Import Request.
  Time since last request: 0.000035 seconds.
  path: Assets/PolygonCity/Models/Collisions/SM_Bld_CityHall_01_Convex.asset
  artifactKey: Guid(dc8ee35e87e0dca429cbd6091eb3f431) Importer(815301076,1909f56bfc062723c751e8b465ee728b)
Start importing Assets/PolygonCity/Models/Collisions/SM_Bld_CityHall_01_Convex.asset using Guid(dc8ee35e87e0dca429cbd6091eb3f431) Importer(815301076,1909f56bfc062723c751e8b465ee728b)  -> (artifact id: '0c0d2321229dcf41e791d135592a089f') in 0.014693 seconds 
========================================================================
Received Import Request.
  Time since last request: 0.000023 seconds.
  path: Assets/PolygonCity/Models/Collisions/SM_Bld_Apartment_Stairs_Corner_01_Convex.asset
  artifactKey: Guid(affefda31f709344d97ea8717cab7a23) Importer(815301076,1909f56bfc062723c751e8b465ee728b)
Start importing Assets/PolygonCity/Models/Collisions/SM_Bld_Apartment_Stairs_Corner_01_Convex.asset using Guid(affefda31f709344d97ea8717cab7a23) Importer(815301076,1909f56bfc062723c751e8b465ee728b)  -> (artifact id: '866a59cb8a706be3725f32ce4bea5760') in 0.015529 seconds 
========================================================================
Received Import Request.
  Time since last request: 0.000031 seconds.
  path: Assets/PolygonCity/Models/Collisions/SM_Bld_OfficeOctagon_Roof_01_Convex.asset
  artifactKey: Guid(6dace2e505ddb4949aa8ca5e75f488c0) Importer(815301076,1909f56bfc062723c751e8b465ee728b)
Start importing Assets/PolygonCity/Models/Collisions/SM_Bld_OfficeOctagon_Roof_01_Convex.asset using Guid(6dace2e505ddb4949aa8ca5e75f488c0) Importer(815301076,1909f56bfc062723c751e8b465ee728b)  -> (artifact id: 'e5f840a83097c5a22867a043d5011084') in 0.013759 seconds 
========================================================================
Received Import Request.
  Time since last request: 0.000023 seconds.
  path: Assets/PolygonCity/Models/Collisions/SM_Bld_Cover_01_Convex 1.asset
  artifactKey: Guid(00f2cc3f4aa1ab64cac24396468a1d6a) Importer(815301076,1909f56bfc062723c751e8b465ee728b)
Start importing Assets/PolygonCity/Models/Collisions/SM_Bld_Cover_01_Convex 1.asset using Guid(00f2cc3f4aa1ab64cac24396468a1d6a) Importer(815301076,1909f56bfc062723c751e8b465ee728b)  -> (artifact id: '6d529b39f36cea36189da55e6835f87d') in 0.034047 seconds 
========================================================================
Received Import Request.
  Time since last request: 0.000028 seconds.
  path: Assets/PolygonCity/Models/Collisions/SM_Bld_FireEscape_01_Convex.asset
  artifactKey: Guid(62eaa58cc94f4e842a7f15b2394aa712) Importer(815301076,1909f56bfc062723c751e8b465ee728b)
Start importing Assets/PolygonCity/Models/Collisions/SM_Bld_FireEscape_01_Convex.asset using Guid(62eaa58cc94f4e842a7f15b2394aa712) Importer(815301076,1909f56bfc062723c751e8b465ee728b)  -> (artifact id: '71266743d5d8bedd8130990eba7cdcd2') in 0.014483 seconds 
========================================================================
Received Import Request.
  Time since last request: 0.000060 seconds.
  path: Assets/PolygonCity/Models/Collisions/SM_Bld_Apartment_Door_01_Convex.asset
  artifactKey: Guid(8d5f395488c6bd4458b551114b7bf046) Importer(815301076,1909f56bfc062723c751e8b465ee728b)
Start importing Assets/PolygonCity/Models/Collisions/SM_Bld_Apartment_Door_01_Convex.asset using Guid(8d5f395488c6bd4458b551114b7bf046) Importer(815301076,1909f56bfc062723c751e8b465ee728b)  -> (artifact id: 'af3a7773bddf84ce70168272a26f7a9b') in 0.013671 seconds 
========================================================================
Received Import Request.
  Time since last request: 0.000019 seconds.
  path: Assets/PolygonCity/Models/Collisions/SM_Bld_Apartment_Door_Corner_02_Convex 1.asset
  artifactKey: Guid(550b071dd9960504bb319038502901fc) Importer(815301076,1909f56bfc062723c751e8b465ee728b)
Start importing Assets/PolygonCity/Models/Collisions/SM_Bld_Apartment_Door_Corner_02_Convex 1.asset using Guid(550b071dd9960504bb319038502901fc) Importer(815301076,1909f56bfc062723c751e8b465ee728b)  -> (artifact id: '5a454595b1955550eef3c54cfcde0b23') in 0.018452 seconds 
========================================================================
Received Import Request.
  Time since last request: 3.870238 seconds.
  path: Assets/PolygonCity/Prefabs/Buildings/SM_Bld_Apartment_03.prefab
  artifactKey: Guid(87e255ee7b2544c45a73880dc218dceb) Importer(815301076,1909f56bfc062723c751e8b465ee728b)
Start importing Assets/PolygonCity/Prefabs/Buildings/SM_Bld_Apartment_03.prefab using Guid(87e255ee7b2544c45a73880dc218dceb) Importer(815301076,1909f56bfc062723c751e8b465ee728b)  -> (artifact id: '609c5b79304488636e812e857665124d') in 0.254182 seconds 
========================================================================
Received Import Request.
  Time since last request: 0.000028 seconds.
  path: Assets/PolygonCity/Prefabs/Buildings/SM_Bld_Apartment_Roof_01.prefab
  artifactKey: Guid(6c5cf72eed364734aa359fd03de15100) Importer(815301076,1909f56bfc062723c751e8b465ee728b)
Start importing Assets/PolygonCity/Prefabs/Buildings/SM_Bld_Apartment_Roof_01.prefab using Guid(6c5cf72eed364734aa359fd03de15100) Importer(815301076,1909f56bfc062723c751e8b465ee728b)  -> (artifact id: 'f99206b44496590474d0cd668a8991a3') in 0.029365 seconds 
========================================================================
Received Import Request.
  Time since last request: 0.000036 seconds.
  path: Assets/PolygonCity/Prefabs/Buildings/SM_Bld_OfficeOctagon_Roof_01.prefab
  artifactKey: Guid(177d8df2567c2ee43897cd6b253d28d6) Importer(815301076,1909f56bfc062723c751e8b465ee728b)
Start importing Assets/PolygonCity/Prefabs/Buildings/SM_Bld_OfficeOctagon_Roof_01.prefab using Guid(177d8df2567c2ee43897cd6b253d28d6) Importer(815301076,1909f56bfc062723c751e8b465ee728b)  -> (artifact id: '585652086855eed730dfacc7fd368415') in 0.029584 seconds 
========================================================================
Received Import Request.
  Time since last request: 0.000035 seconds.
  path: Assets/PolygonCity/Prefabs/Buildings/SM_Bld_Shop_Cover_03.prefab
  artifactKey: Guid(ea35cb37dd8ed464a813dd7e683a94b6) Importer(815301076,1909f56bfc062723c751e8b465ee728b)
Start importing Assets/PolygonCity/Prefabs/Buildings/SM_Bld_Shop_Cover_03.prefab using Guid(ea35cb37dd8ed464a813dd7e683a94b6) Importer(815301076,1909f56bfc062723c751e8b465ee728b)  -> (artifact id: 'cb9803948d04e6f5aea362b0df88967d') in 0.036372 seconds 
========================================================================
Received Import Request.
  Time since last request: 0.000036 seconds.
  path: Assets/PolygonCity/Prefabs/Buildings/SM_Bld_OfficeOctagon_Floor_01.prefab
  artifactKey: Guid(5a2b75022dd651041bbc17957152287a) Importer(815301076,1909f56bfc062723c751e8b465ee728b)
Start importing Assets/PolygonCity/Prefabs/Buildings/SM_Bld_OfficeOctagon_Floor_01.prefab using Guid(5a2b75022dd651041bbc17957152287a) Importer(815301076,1909f56bfc062723c751e8b465ee728b)  -> (artifact id: 'ccd7563792c761a78768e2cb510229bd') in 0.028014 seconds 
========================================================================
Received Import Request.
  Time since last request: 0.000023 seconds.
  path: Assets/PolygonCity/Prefabs/Buildings/SM_Bld_OfficeOctagon_Base_01.prefab
  artifactKey: Guid(a5aca9c9ef39b0a49835b3ee43077679) Importer(815301076,1909f56bfc062723c751e8b465ee728b)
Start importing Assets/PolygonCity/Prefabs/Buildings/SM_Bld_OfficeOctagon_Base_01.prefab using Guid(a5aca9c9ef39b0a49835b3ee43077679) Importer(815301076,1909f56bfc062723c751e8b465ee728b)  -> (artifact id: '883529d3a00f571c46db03d9b08458e3') in 0.024144 seconds 
========================================================================
Received Import Request.
  Time since last request: 0.000040 seconds.
  path: Assets/PolygonCity/Prefabs/Buildings/SM_Bld_OfficeRound_03.prefab
  artifactKey: Guid(5d7e66e33ddbaf64cb3580e489134147) Importer(815301076,1909f56bfc062723c751e8b465ee728b)
Start importing Assets/PolygonCity/Prefabs/Buildings/SM_Bld_OfficeRound_03.prefab using Guid(5d7e66e33ddbaf64cb3580e489134147) Importer(815301076,1909f56bfc062723c751e8b465ee728b)  -> (artifact id: '73b9c7fef9df3a389144afb4425568ef') in 0.020176 seconds 
========================================================================
Received Import Request.
  Time since last request: 0.000039 seconds.
  path: Assets/PolygonCity/Prefabs/Buildings/SM_Bld_OfficeSquare_Roof_01.prefab
  artifactKey: Guid(8e6be04d8370d1c4fa754d22592984f1) Importer(815301076,1909f56bfc062723c751e8b465ee728b)
Start importing Assets/PolygonCity/Prefabs/Buildings/SM_Bld_OfficeSquare_Roof_01.prefab using Guid(8e6be04d8370d1c4fa754d22592984f1) Importer(815301076,1909f56bfc062723c751e8b465ee728b)  -> (artifact id: 'c95ba5f2d9874001312b66f7f274f2d2') in 0.020990 seconds 
========================================================================
Received Import Request.
  Time since last request: 0.000052 seconds.
  path: Assets/PolygonCity/Prefabs/Buildings/SM_Bld_Apartment_Stairs_03.prefab
  artifactKey: Guid(e554fc2e32c92274e92a501e72f5db1f) Importer(815301076,1909f56bfc062723c751e8b465ee728b)
Start importing Assets/PolygonCity/Prefabs/Buildings/SM_Bld_Apartment_Stairs_03.prefab using Guid(e554fc2e32c92274e92a501e72f5db1f) Importer(815301076,1909f56bfc062723c751e8b465ee728b)  -> (artifact id: 'e9e1d32f82af2787ee8b43f4ff099f41') in 0.019673 seconds 
========================================================================
Received Import Request.
  Time since last request: 0.000022 seconds.
  path: Assets/PolygonCity/Prefabs/Buildings/SM_Bld_Apartment_Stack_03.prefab
  artifactKey: Guid(a2d22ce70dfdb254e9cf1a761853209a) Importer(815301076,1909f56bfc062723c751e8b465ee728b)
Start importing Assets/PolygonCity/Prefabs/Buildings/SM_Bld_Apartment_Stack_03.prefab using Guid(a2d22ce70dfdb254e9cf1a761853209a) Importer(815301076,1909f56bfc062723c751e8b465ee728b)  -> (artifact id: '65cedb52f08c291ad521947c42e043a5') in 0.020659 seconds 
========================================================================
Received Import Request.
  Time since last request: 0.000045 seconds.
  path: Assets/PolygonCity/Prefabs/Buildings/SM_Bld_Cover_01.prefab
  artifactKey: Guid(e83fcfbcf26241c449483ad6639aed68) Importer(815301076,1909f56bfc062723c751e8b465ee728b)
Start importing Assets/PolygonCity/Prefabs/Buildings/SM_Bld_Cover_01.prefab using Guid(e83fcfbcf26241c449483ad6639aed68) Importer(815301076,1909f56bfc062723c751e8b465ee728b)  -> (artifact id: 'fe303eb737c9db06ac136b87cc13e583') in 0.022444 seconds 
========================================================================
Received Import Request.
  Time since last request: 0.000023 seconds.
  path: Assets/PolygonCity/Prefabs/Buildings/SM_Bld_OfficeOld_Large_Roof_01.prefab
  artifactKey: Guid(454dd9d601ac90d46a2b2e1b9901ba76) Importer(815301076,1909f56bfc062723c751e8b465ee728b)
Start importing Assets/PolygonCity/Prefabs/Buildings/SM_Bld_OfficeOld_Large_Roof_01.prefab using Guid(454dd9d601ac90d46a2b2e1b9901ba76) Importer(815301076,1909f56bfc062723c751e8b465ee728b)  -> (artifact id: 'bcaf82044b73ddc1cf6efbdb8122e196') in 0.020486 seconds 
========================================================================
Received Import Request.
  Time since last request: 0.000022 seconds.
  path: Assets/PolygonCity/Prefabs/Buildings/SM_Bld_OfficeOld_Small_Roof_01.prefab
  artifactKey: Guid(d247508df54d35440b771820202bc30d) Importer(815301076,1909f56bfc062723c751e8b465ee728b)
Start importing Assets/PolygonCity/Prefabs/Buildings/SM_Bld_OfficeOld_Small_Roof_01.prefab using Guid(d247508df54d35440b771820202bc30d) Importer(815301076,1909f56bfc062723c751e8b465ee728b)  -> (artifact id: '963a10d9ab2db28a78c8e77c7b7c1b7a') in 0.022090 seconds 
========================================================================
Received Import Request.
  Time since last request: 0.000024 seconds.
  path: Assets/PolygonCity/Prefabs/Buildings/SM_Bld_OfficeOld_Small_Floor_01.prefab
  artifactKey: Guid(4290c366a38253b4f87a53b8a3654483) Importer(815301076,1909f56bfc062723c751e8b465ee728b)
Start importing Assets/PolygonCity/Prefabs/Buildings/SM_Bld_OfficeOld_Small_Floor_01.prefab using Guid(4290c366a38253b4f87a53b8a3654483) Importer(815301076,1909f56bfc062723c751e8b465ee728b)  -> (artifact id: '4ce12b32b5f2a7859096d4d3f8334cfe') in 0.019569 seconds 
========================================================================
Received Import Request.
  Time since last request: 0.000020 seconds.
  path: Assets/PolygonCity/Prefabs/Buildings/SM_Bld_Shop_03.prefab
  artifactKey: Guid(e390f42c7625c914e9082218b571c91a) Importer(815301076,1909f56bfc062723c751e8b465ee728b)
Start importing Assets/PolygonCity/Prefabs/Buildings/SM_Bld_Shop_03.prefab using Guid(e390f42c7625c914e9082218b571c91a) Importer(815301076,1909f56bfc062723c751e8b465ee728b)  -> (artifact id: '66fd08d04f72ff6de270bb55fa9c34a2') in 0.023775 seconds 
========================================================================
Received Import Request.
  Time since last request: 0.000027 seconds.
  path: Assets/PolygonCity/Prefabs/Buildings/SM_Bld_OfficeRound_04.prefab
  artifactKey: Guid(57130355dd16ab04386646a2f8aac353) Importer(815301076,1909f56bfc062723c751e8b465ee728b)
Start importing Assets/PolygonCity/Prefabs/Buildings/SM_Bld_OfficeRound_04.prefab using Guid(57130355dd16ab04386646a2f8aac353) Importer(815301076,1909f56bfc062723c751e8b465ee728b)  -> (artifact id: '7092311ea90ddb976bbc63c6d391aff8') in 0.024233 seconds 
========================================================================
Received Import Request.
  Time since last request: 0.000030 seconds.
  path: Assets/PolygonCity/Prefabs/Buildings/SM_Bld_Shop_Cover_01.prefab
  artifactKey: Guid(ea3006685c5815f429d7310b7eb965ca) Importer(815301076,1909f56bfc062723c751e8b465ee728b)
Start importing Assets/PolygonCity/Prefabs/Buildings/SM_Bld_Shop_Cover_01.prefab using Guid(ea3006685c5815f429d7310b7eb965ca) Importer(815301076,1909f56bfc062723c751e8b465ee728b)  -> (artifact id: '85f959ba9353281e72ff34e98cd615a8') in 0.023505 seconds 
========================================================================
Received Import Request.
  Time since last request: 0.000028 seconds.
  path: Assets/PolygonCity/Prefabs/Buildings/SM_Bld_Roof_Access_01.prefab
  artifactKey: Guid(e97c4383dd13fb54fb98ecc4e4be2ec3) Importer(815301076,1909f56bfc062723c751e8b465ee728b)
Start importing Assets/PolygonCity/Prefabs/Buildings/SM_Bld_Roof_Access_01.prefab using Guid(e97c4383dd13fb54fb98ecc4e4be2ec3) Importer(815301076,1909f56bfc062723c751e8b465ee728b)  -> (artifact id: 'dcf764a239537a23a75fe8ff3ac3de5f') in 0.024764 seconds 
========================================================================
Received Import Request.
  Time since last request: 0.000035 seconds.
  path: Assets/PolygonCity/Prefabs/Buildings/SM_Bld_Shop_Cover_02.prefab
  artifactKey: Guid(739bafb6919218f46b973104ad258f8b) Importer(815301076,1909f56bfc062723c751e8b465ee728b)
Start importing Assets/PolygonCity/Prefabs/Buildings/SM_Bld_Shop_Cover_02.prefab using Guid(739bafb6919218f46b973104ad258f8b) Importer(815301076,1909f56bfc062723c751e8b465ee728b)  -> (artifact id: 'a1f85864a3d0f48ca3ac1cefc20a6241') in 0.019579 seconds 
========================================================================
Received Import Request.
  Time since last request: 0.000034 seconds.
  path: Assets/PolygonCity/Prefabs/Buildings/SM_Bld_FireEscape_02.prefab
  artifactKey: Guid(530c04ec7ccbeec44b8c9e6f3c681679) Importer(815301076,1909f56bfc062723c751e8b465ee728b)
Start importing Assets/PolygonCity/Prefabs/Buildings/SM_Bld_FireEscape_02.prefab using Guid(530c04ec7ccbeec44b8c9e6f3c681679) Importer(815301076,1909f56bfc062723c751e8b465ee728b)  -> (artifact id: '36c02eda5baa14dcbd314016c4d4a212') in 0.020783 seconds 
========================================================================
Received Import Request.
  Time since last request: 0.000030 seconds.
  path: Assets/PolygonCity/Prefabs/Buildings/SM_Bld_Apartment_Corner_03.prefab
  artifactKey: Guid(c1d46775cc1dffd41859257aad55f33c) Importer(815301076,1909f56bfc062723c751e8b465ee728b)
Start importing Assets/PolygonCity/Prefabs/Buildings/SM_Bld_Apartment_Corner_03.prefab using Guid(c1d46775cc1dffd41859257aad55f33c) Importer(815301076,1909f56bfc062723c751e8b465ee728b)  -> (artifact id: '4682352df7ce5de136252c99d0a01767') in 0.019848 seconds 
========================================================================
Received Import Request.
  Time since last request: 74.931915 seconds.
  path: Assets/PolygonCity/Prefabs/Characters/Character_BusinessMan_Suit_01.prefab
  artifactKey: Guid(471247d5cf89b2c46bcde0f08524197e) Importer(815301076,1909f56bfc062723c751e8b465ee728b)
Start importing Assets/PolygonCity/Prefabs/Characters/Character_BusinessMan_Suit_01.prefab using Guid(471247d5cf89b2c46bcde0f08524197e) Importer(815301076,1909f56bfc062723c751e8b465ee728b)  -> (artifact id: '86f2877708c011ed9550535df893d398') in 0.039970 seconds 
========================================================================
Received Import Request.
  Time since last request: 0.000028 seconds.
  path: Assets/PolygonCity/Prefabs/Characters/Character_Female_Coat_01.prefab
  artifactKey: Guid(236e70cfb8ad0fc448c79a2155a5d3c2) Importer(815301076,1909f56bfc062723c751e8b465ee728b)
Start importing Assets/PolygonCity/Prefabs/Characters/Character_Female_Coat_01.prefab using Guid(236e70cfb8ad0fc448c79a2155a5d3c2) Importer(815301076,1909f56bfc062723c751e8b465ee728b)  -> (artifact id: '6a5c27e3ac34c33ce2fc34b23718cc7d') in 0.031619 seconds 
========================================================================
Received Import Request.
  Time since last request: 0.000042 seconds.
  path: Assets/PolygonCity/Prefabs/Characters/Character_Female_Police_01.prefab
  artifactKey: Guid(adad89669382b0743a2c2f162c9601b0) Importer(815301076,1909f56bfc062723c751e8b465ee728b)
Start importing Assets/PolygonCity/Prefabs/Characters/Character_Female_Police_01.prefab using Guid(adad89669382b0743a2c2f162c9601b0) Importer(815301076,1909f56bfc062723c751e8b465ee728b)  -> (artifact id: 'a65807bfc983d1393ab122ffdd96bbe4') in 0.025890 seconds 
========================================================================
Received Import Request.
  Time since last request: 0.000031 seconds.
  path: Assets/PolygonCity/Prefabs/Characters/Character_Female_Jacket_01.prefab
  artifactKey: Guid(841e8e4f1a54c754396b7559d1cc6fad) Importer(815301076,1909f56bfc062723c751e8b465ee728b)
Start importing Assets/PolygonCity/Prefabs/Characters/Character_Female_Jacket_01.prefab using Guid(841e8e4f1a54c754396b7559d1cc6fad) Importer(815301076,1909f56bfc062723c751e8b465ee728b)  -> (artifact id: '4161d9cb61141e260debd6b7fc2278b2') in 0.024211 seconds 
========================================================================
Received Import Request.
  Time since last request: 0.488457 seconds.
  path: Assets/PolygonCity/Prefabs/Environments/SM_Env_Bridge_Pillar_01.prefab
  artifactKey: Guid(b319c45f7bb0a5f49a903d4b26bdcd4b) Importer(815301076,1909f56bfc062723c751e8b465ee728b)
Start importing Assets/PolygonCity/Prefabs/Environments/SM_Env_Bridge_Pillar_01.prefab using Guid(b319c45f7bb0a5f49a903d4b26bdcd4b) Importer(815301076,1909f56bfc062723c751e8b465ee728b)  -> (artifact id: '9a24afdccf38e95ce6466d42a5ea314d') in 0.019495 seconds 
========================================================================
Received Import Request.
  Time since last request: 0.000025 seconds.
  path: Assets/PolygonCity/Prefabs/Environments/SM_Env_Road_02.prefab
  artifactKey: Guid(1ac8b9099f0c47e41a84ef1f2e41988c) Importer(815301076,1909f56bfc062723c751e8b465ee728b)
Start importing Assets/PolygonCity/Prefabs/Environments/SM_Env_Road_02.prefab using Guid(1ac8b9099f0c47e41a84ef1f2e41988c) Importer(815301076,1909f56bfc062723c751e8b465ee728b)  -> (artifact id: 'ddd4d05816feb5f0b1b22a8b672fbdfc') in 0.015571 seconds 
========================================================================
Received Import Request.
  Time since last request: 0.000053 seconds.
  path: Assets/PolygonCity/Prefabs/Environments/SM_Env_Road_Crossing_01.prefab
  artifactKey: Guid(c838be5f7abd9c64db9643ebadf0c932) Importer(815301076,1909f56bfc062723c751e8b465ee728b)
Start importing Assets/PolygonCity/Prefabs/Environments/SM_Env_Road_Crossing_01.prefab using Guid(c838be5f7abd9c64db9643ebadf0c932) Importer(815301076,1909f56bfc062723c751e8b465ee728b)  -> (artifact id: 'bde5a38f691a1fa00f95c3484a41bbf4') in 0.016938 seconds 
========================================================================
Received Import Request.
  Time since last request: 0.000033 seconds.
  path: Assets/PolygonCity/Prefabs/Environments/SM_Env_Sidewalk_Grate_02.prefab
  artifactKey: Guid(8bb0b83b7824d964fa1d723d2bddb75e) Importer(815301076,1909f56bfc062723c751e8b465ee728b)
Start importing Assets/PolygonCity/Prefabs/Environments/SM_Env_Sidewalk_Grate_02.prefab using Guid(8bb0b83b7824d964fa1d723d2bddb75e) Importer(815301076,1909f56bfc062723c751e8b465ee728b)  -> (artifact id: '6f455af68091db41b5633c19d3ef5039') in 0.022328 seconds 
========================================================================
Received Import Request.
  Time since last request: 0.000025 seconds.
  path: Assets/PolygonCity/Prefabs/Environments/SM_Env_Road_01.prefab
  artifactKey: Guid(fa07ca939fb86614e840203d85f23f08) Importer(815301076,1909f56bfc062723c751e8b465ee728b)
Start importing Assets/PolygonCity/Prefabs/Environments/SM_Env_Road_01.prefab using Guid(fa07ca939fb86614e840203d85f23f08) Importer(815301076,1909f56bfc062723c751e8b465ee728b)  -> (artifact id: '60e5d229c751d92b5c70bb6bb382f49d') in 0.018969 seconds 
========================================================================
Received Import Request.
  Time since last request: 0.000028 seconds.
  path: Assets/PolygonCity/Prefabs/Environments/SM_Env_Road_Patch_01.prefab
  artifactKey: Guid(430d14b744769134e831183525387e01) Importer(815301076,1909f56bfc062723c751e8b465ee728b)
Start importing Assets/PolygonCity/Prefabs/Environments/SM_Env_Road_Patch_01.prefab using Guid(430d14b744769134e831183525387e01) Importer(815301076,1909f56bfc062723c751e8b465ee728b)  -> (artifact id: '0605e0378908e048cb2ce14cb7b3a8a8') in 0.028072 seconds 
========================================================================
Received Import Request.
  Time since last request: 0.000025 seconds.
  path: Assets/PolygonCity/Prefabs/Environments/SM_Env_Flower_01.prefab
  artifactKey: Guid(a0f542ba0461f8c4cbb89acbe6331cf5) Importer(815301076,1909f56bfc062723c751e8b465ee728b)
Start importing Assets/PolygonCity/Prefabs/Environments/SM_Env_Flower_01.prefab using Guid(a0f542ba0461f8c4cbb89acbe6331cf5) Importer(815301076,1909f56bfc062723c751e8b465ee728b)  -> (artifact id: '7fb1d48f14d3037466e312ab6e34a81c') in 0.018705 seconds 
========================================================================
Received Import Request.
  Time since last request: 0.000021 seconds.
  path: Assets/PolygonCity/Prefabs/Environments/SM_Env_Tree_03.prefab
  artifactKey: Guid(c50789636e1fc5c4b8a37e2700e4a3c1) Importer(815301076,1909f56bfc062723c751e8b465ee728b)
Start importing Assets/PolygonCity/Prefabs/Environments/SM_Env_Tree_03.prefab using Guid(c50789636e1fc5c4b8a37e2700e4a3c1) Importer(815301076,1909f56bfc062723c751e8b465ee728b)  -> (artifact id: '2a8bcdc74b0befc7f563c9bc61ae2324') in 0.025825 seconds 
========================================================================
Received Import Request.
  Time since last request: 0.000028 seconds.
  path: Assets/PolygonCity/Prefabs/Environments/SM_Env_Road_Median_01.prefab
  artifactKey: Guid(a7995c77c0122324ca14027eaff6b47f) Importer(815301076,1909f56bfc062723c751e8b465ee728b)
Start importing Assets/PolygonCity/Prefabs/Environments/SM_Env_Road_Median_01.prefab using Guid(a7995c77c0122324ca14027eaff6b47f) Importer(815301076,1909f56bfc062723c751e8b465ee728b)  -> (artifact id: 'd76c8db3f3d94e5aa0cf007538e21084') in 0.018856 seconds 
========================================================================
Received Import Request.
  Time since last request: 0.000025 seconds.
  path: Assets/PolygonCity/Prefabs/Environments/SM_Env_Sidewalk_Corner_01.prefab
  artifactKey: Guid(022ffec03fad20a44bfd7a0026ee101a) Importer(815301076,1909f56bfc062723c751e8b465ee728b)
Start importing Assets/PolygonCity/Prefabs/Environments/SM_Env_Sidewalk_Corner_01.prefab using Guid(022ffec03fad20a44bfd7a0026ee101a) Importer(815301076,1909f56bfc062723c751e8b465ee728b)  -> (artifact id: 'be70f20eb15655b0d09bd43f4209d205') in 0.022961 seconds 
========================================================================
Received Import Request.
  Time since last request: 0.000026 seconds.
  path: Assets/PolygonCity/Prefabs/Environments/SM_Env_Road_Arrow_01.prefab
  artifactKey: Guid(4c588df48d373f5448513a886280f4af) Importer(815301076,1909f56bfc062723c751e8b465ee728b)
Start importing Assets/PolygonCity/Prefabs/Environments/SM_Env_Road_Arrow_01.prefab using Guid(4c588df48d373f5448513a886280f4af) Importer(815301076,1909f56bfc062723c751e8b465ee728b)  -> (artifact id: '12297afa96dbb68b5ddac8fe9a54e0df') in 0.017778 seconds 
========================================================================
Received Import Request.
  Time since last request: 0.000026 seconds.
  path: Assets/PolygonCity/Prefabs/Environments/SM_Env_Road_Median_02.prefab
  artifactKey: Guid(44ca69f08a790524aaed2c2ad405a1b9) Importer(815301076,1909f56bfc062723c751e8b465ee728b)
Start importing Assets/PolygonCity/Prefabs/Environments/SM_Env_Road_Median_02.prefab using Guid(44ca69f08a790524aaed2c2ad405a1b9) Importer(815301076,1909f56bfc062723c751e8b465ee728b)  -> (artifact id: 'c23e1038dd46654be46c0ae6cdf59ab8') in 0.017609 seconds 
========================================================================
Received Import Request.
  Time since last request: 0.000032 seconds.
  path: Assets/PolygonCity/Prefabs/Environments/SM_Env_Sidewalk_Panel_02.prefab
  artifactKey: Guid(f0924feddc9f45147a1b3b077269f520) Importer(815301076,1909f56bfc062723c751e8b465ee728b)
Start importing Assets/PolygonCity/Prefabs/Environments/SM_Env_Sidewalk_Panel_02.prefab using Guid(f0924feddc9f45147a1b3b077269f520) Importer(815301076,1909f56bfc062723c751e8b465ee728b)  -> (artifact id: 'cb3d532c0202033a0be32621784dabc7') in 0.022405 seconds 
========================================================================
Received Import Request.
  Time since last request: 0.000085 seconds.
  path: Assets/PolygonCity/Prefabs/Environments/SM_Env_Path_Junction_01.prefab
  artifactKey: Guid(3d64129ea690b5840a03b5f2f5c4b588) Importer(815301076,1909f56bfc062723c751e8b465ee728b)
Start importing Assets/PolygonCity/Prefabs/Environments/SM_Env_Path_Junction_01.prefab using Guid(3d64129ea690b5840a03b5f2f5c4b588) Importer(815301076,1909f56bfc062723c751e8b465ee728b)  -> (artifact id: 'b04031d9f4848df56630ee45da899815') in 0.019952 seconds 
========================================================================
Received Import Request.
  Time since last request: 0.000026 seconds.
  path: Assets/PolygonCity/Prefabs/Environments/SM_Env_Sidewalk_Grate_01.prefab
  artifactKey: Guid(35d21aaf608eba24285e42aad64a70a8) Importer(815301076,1909f56bfc062723c751e8b465ee728b)
Start importing Assets/PolygonCity/Prefabs/Environments/SM_Env_Sidewalk_Grate_01.prefab using Guid(35d21aaf608eba24285e42aad64a70a8) Importer(815301076,1909f56bfc062723c751e8b465ee728b)  -> (artifact id: 'bdb9b33fe3674b1ec9077b0c412b494f') in 0.022857 seconds 
========================================================================
Received Import Request.
  Time since last request: 0.000032 seconds.
  path: Assets/PolygonCity/Prefabs/Environments/SM_Env_WaterEdge_Straight_01.prefab
  artifactKey: Guid(91ccf0d6e58213544b5f911bb77f24c0) Importer(815301076,1909f56bfc062723c751e8b465ee728b)
Start importing Assets/PolygonCity/Prefabs/Environments/SM_Env_WaterEdge_Straight_01.prefab using Guid(91ccf0d6e58213544b5f911bb77f24c0) Importer(815301076,1909f56bfc062723c751e8b465ee728b)  -> (artifact id: '98d5511b85f5a71bb94400face67767d') in 0.023083 seconds 
========================================================================
Received Import Request.
  Time since last request: 0.000024 seconds.
  path: Assets/PolygonCity/Prefabs/Environments/SM_Env_Street_Divider_02.prefab
  artifactKey: Guid(189a6283bd4925841bbf41d7c5919bff) Importer(815301076,1909f56bfc062723c751e8b465ee728b)
Start importing Assets/PolygonCity/Prefabs/Environments/SM_Env_Street_Divider_02.prefab using Guid(189a6283bd4925841bbf41d7c5919bff) Importer(815301076,1909f56bfc062723c751e8b465ee728b)  -> (artifact id: '5f8d5de9ff40263435a45e6983555f45') in 0.020319 seconds 
========================================================================
Received Import Request.
  Time since last request: 0.000023 seconds.
  path: Assets/PolygonCity/Prefabs/Environments/SM_Env_Grass_01.prefab
  artifactKey: Guid(7b30b5ba44201104fba4e71a527b6905) Importer(815301076,1909f56bfc062723c751e8b465ee728b)
Start importing Assets/PolygonCity/Prefabs/Environments/SM_Env_Grass_01.prefab using Guid(7b30b5ba44201104fba4e71a527b6905) Importer(815301076,1909f56bfc062723c751e8b465ee728b)  -> (artifact id: '1c8ad21f23d8cc4b4bd75d49ee26663f') in 0.023016 seconds 
========================================================================
Received Import Request.
  Time since last request: 0.000038 seconds.
  path: Assets/PolygonCity/Prefabs/Environments/SM_Env_Road_Bare_01.prefab
  artifactKey: Guid(dab5db0c0226560499e1021898aafb64) Importer(815301076,1909f56bfc062723c751e8b465ee728b)
Start importing Assets/PolygonCity/Prefabs/Environments/SM_Env_Road_Bare_01.prefab using Guid(dab5db0c0226560499e1021898aafb64) Importer(815301076,1909f56bfc062723c751e8b465ee728b)  -> (artifact id: 'aa3591201699bdf3c8a2528f3c3d2c93') in 0.018280 seconds 
========================================================================
Received Import Request.
  Time since last request: 0.000021 seconds.
  path: Assets/PolygonCity/Prefabs/Environments/SM_Env_Ocean_Tile_01.prefab
  artifactKey: Guid(60d3688bc6832bf45ac9ea2bf1c8ab03) Importer(815301076,1909f56bfc062723c751e8b465ee728b)
Start importing Assets/PolygonCity/Prefabs/Environments/SM_Env_Ocean_Tile_01.prefab using Guid(60d3688bc6832bf45ac9ea2bf1c8ab03) Importer(815301076,1909f56bfc062723c751e8b465ee728b)  -> (artifact id: '0a7e28204ae860abe5facfc75dfac13b') in 0.015107 seconds 
========================================================================
Received Import Request.
  Time since last request: 0.000025 seconds.
  path: Assets/PolygonCity/Prefabs/Environments/SM_Env_Sidewalk_01.prefab
  artifactKey: Guid(260ea4bf1ba71314c9c3833b491586bc) Importer(815301076,1909f56bfc062723c751e8b465ee728b)
Start importing Assets/PolygonCity/Prefabs/Environments/SM_Env_Sidewalk_01.prefab using Guid(260ea4bf1ba71314c9c3833b491586bc) Importer(815301076,1909f56bfc062723c751e8b465ee728b)  -> (artifact id: 'a121c6dca1eca653f125843f4117f4db') in 0.019005 seconds 
========================================================================
Received Import Request.
  Time since last request: 0.000036 seconds.
  path: Assets/PolygonCity/Prefabs/Environments/SM_Env_WaterEdge_Corner_02.prefab
  artifactKey: Guid(12164e8f6f9ab2f4589ed7dd89491853) Importer(815301076,1909f56bfc062723c751e8b465ee728b)
Start importing Assets/PolygonCity/Prefabs/Environments/SM_Env_WaterEdge_Corner_02.prefab using Guid(12164e8f6f9ab2f4589ed7dd89491853) Importer(815301076,1909f56bfc062723c751e8b465ee728b)  -> (artifact id: '24bfe352da5ad3a68f0be548ca21617f') in 0.019715 seconds 
========================================================================
Received Import Request.
  Time since last request: 0.000027 seconds.
  path: Assets/PolygonCity/Prefabs/Environments/SM_Env_Path_T_01.prefab
  artifactKey: Guid(d411191a8d55609409b2a8016f0483b4) Importer(815301076,1909f56bfc062723c751e8b465ee728b)
Start importing Assets/PolygonCity/Prefabs/Environments/SM_Env_Path_T_01.prefab using Guid(d411191a8d55609409b2a8016f0483b4) Importer(815301076,1909f56bfc062723c751e8b465ee728b)  -> (artifact id: '65fc8dd5eb9bb6c0de6469d133fa2beb') in 0.018966 seconds 
========================================================================
Received Import Request.
  Time since last request: 0.000026 seconds.
  path: Assets/PolygonCity/Prefabs/Environments/SM_Env_Tree_01.prefab
  artifactKey: Guid(ee6af68a3d2c1864ebc6cfc3be82d851) Importer(815301076,1909f56bfc062723c751e8b465ee728b)
Start importing Assets/PolygonCity/Prefabs/Environments/SM_Env_Tree_01.prefab using Guid(ee6af68a3d2c1864ebc6cfc3be82d851) Importer(815301076,1909f56bfc062723c751e8b465ee728b)  -> (artifact id: '3a7feebd0c1ddce266c9632de3c28a17') in 0.025526 seconds 
========================================================================
Received Import Request.
  Time since last request: 0.000022 seconds.
  path: Assets/PolygonCity/Prefabs/Environments/SM_Env_WaterEdge_Pipe_01.prefab
  artifactKey: Guid(31bea3e529df47e4eaa3fad5fda198b2) Importer(815301076,1909f56bfc062723c751e8b465ee728b)
Start importing Assets/PolygonCity/Prefabs/Environments/SM_Env_WaterEdge_Pipe_01.prefab using Guid(31bea3e529df47e4eaa3fad5fda198b2) Importer(815301076,1909f56bfc062723c751e8b465ee728b)  -> (artifact id: '0c1e7744ebaf4459d276b1f6e74398f5') in 0.020160 seconds 
========================================================================
Received Import Request.
  Time since last request: 0.000022 seconds.
  path: Assets/PolygonCity/Prefabs/Environments/SM_Env_Fence_01.prefab
  artifactKey: Guid(cc10ce20cd2faea4ca8cb6505e5861d5) Importer(815301076,1909f56bfc062723c751e8b465ee728b)
Start importing Assets/PolygonCity/Prefabs/Environments/SM_Env_Fence_01.prefab using Guid(cc10ce20cd2faea4ca8cb6505e5861d5) Importer(815301076,1909f56bfc062723c751e8b465ee728b)  -> (artifact id: 'e2345d0de0b6e58c451568f70c1ddd0d') in 0.023705 seconds 
========================================================================
Received Import Request.
  Time since last request: 0.000026 seconds.
  path: Assets/PolygonCity/Prefabs/Environments/SM_Env_Sidewalk_Merger_01.prefab
  artifactKey: Guid(2b129740add29794081f519e9ab69ff5) Importer(815301076,1909f56bfc062723c751e8b465ee728b)
Start importing Assets/PolygonCity/Prefabs/Environments/SM_Env_Sidewalk_Merger_01.prefab using Guid(2b129740add29794081f519e9ab69ff5) Importer(815301076,1909f56bfc062723c751e8b465ee728b)  -> (artifact id: '693c4ca0ede87aa7af309a2ffe7f28e5') in 0.021764 seconds 
========================================================================
Received Import Request.
  Time since last request: 0.000021 seconds.
  path: Assets/PolygonCity/Prefabs/Environments/SM_Env_Road_Arrow_02.prefab
  artifactKey: Guid(7cbed2c339c8db94cb05278ed2f7e14b) Importer(815301076,1909f56bfc062723c751e8b465ee728b)
Start importing Assets/PolygonCity/Prefabs/Environments/SM_Env_Road_Arrow_02.prefab using Guid(7cbed2c339c8db94cb05278ed2f7e14b) Importer(815301076,1909f56bfc062723c751e8b465ee728b)  -> (artifact id: '427a3ebb9fbb38d6fca050b7236f5416') in 0.018324 seconds 
========================================================================
Received Import Request.
  Time since last request: 0.000082 seconds.
  path: Assets/PolygonCity/Prefabs/Environments/SM_Env_Road_YellowLines_02.prefab
  artifactKey: Guid(f2ed383c4eaf7fd4eb19ed7ee4347e0a) Importer(815301076,1909f56bfc062723c751e8b465ee728b)
Start importing Assets/PolygonCity/Prefabs/Environments/SM_Env_Road_YellowLines_02.prefab using Guid(f2ed383c4eaf7fd4eb19ed7ee4347e0a) Importer(815301076,1909f56bfc062723c751e8b465ee728b)  -> (artifact id: '7f685e58e2b37a0fd7671231cd4c9a17') in 0.014340 seconds 
========================================================================
Received Import Request.
  Time since last request: 0.000032 seconds.
  path: Assets/PolygonCity/Prefabs/Environments/SM_Env_Road_Lines_02.prefab
  artifactKey: Guid(d2b133bd1e0723046a270de71e937731) Importer(815301076,1909f56bfc062723c751e8b465ee728b)
Start importing Assets/PolygonCity/Prefabs/Environments/SM_Env_Road_Lines_02.prefab using Guid(d2b133bd1e0723046a270de71e937731) Importer(815301076,1909f56bfc062723c751e8b465ee728b)  -> (artifact id: '60eafcc19b99e3a7585514c3ce25aca7') in 0.015838 seconds 
========================================================================
Received Import Request.
  Time since last request: 0.000027 seconds.
  path: Assets/PolygonCity/Prefabs/Environments/SM_Env_Sidewalk_Straight_01.prefab
  artifactKey: Guid(ae7b8255185ace64ca379cb1ca3b24e6) Importer(815301076,1909f56bfc062723c751e8b465ee728b)
Start importing Assets/PolygonCity/Prefabs/Environments/SM_Env_Sidewalk_Straight_01.prefab using Guid(ae7b8255185ace64ca379cb1ca3b24e6) Importer(815301076,1909f56bfc062723c751e8b465ee728b)  -> (artifact id: 'da0c82318fef0538e4a0b6c47ce3c19a') in 0.024716 seconds 
========================================================================
Received Import Request.
  Time since last request: 2.340259 seconds.
  path: Assets/PolygonCity/Models/Collisions/SM_Bld_OfficeOld_Large_Floor_01_Convex.asset
  artifactKey: Guid(accb48b7202926e4c9c9206c025647ce) Importer(815301076,1909f56bfc062723c751e8b465ee728b)
Start importing Assets/PolygonCity/Models/Collisions/SM_Bld_OfficeOld_Large_Floor_01_Convex.asset using Guid(accb48b7202926e4c9c9206c025647ce) Importer(815301076,1909f56bfc062723c751e8b465ee728b)  -> (artifact id: 'b1b61772890e5fb23a7b29cf4176197b') in 0.015364 seconds 
========================================================================
Received Import Request.
  Time since last request: 0.000032 seconds.
  path: Assets/PolygonCity/Models/Collisions/SM_Bld_OfficeOld_Small_01_Convex 9.asset
  artifactKey: Guid(0f4ca517781d6d54aaa22cded214061d) Importer(815301076,1909f56bfc062723c751e8b465ee728b)
Start importing Assets/PolygonCity/Models/Collisions/SM_Bld_OfficeOld_Small_01_Convex 9.asset using Guid(0f4ca517781d6d54aaa22cded214061d) Importer(815301076,1909f56bfc062723c751e8b465ee728b)  -> (artifact id: '2d97e041f22d26bcc7e0c8393af745d5') in 0.023159 seconds 
========================================================================
Received Import Request.
  Time since last request: 0.000038 seconds.
  path: Assets/PolygonCity/Models/Collisions/SM_Bld_OfficeSquare_02_Convex.asset
  artifactKey: Guid(8ebc5710025da7b4683d76258ca27f54) Importer(815301076,1909f56bfc062723c751e8b465ee728b)
Start importing Assets/PolygonCity/Models/Collisions/SM_Bld_OfficeSquare_02_Convex.asset using Guid(8ebc5710025da7b4683d76258ca27f54) Importer(815301076,1909f56bfc062723c751e8b465ee728b)  -> (artifact id: '8ff0fc20228061d16aebdb350bea70a0') in 0.013122 seconds 
========================================================================
Received Import Request.
  Time since last request: 0.000019 seconds.
  path: Assets/PolygonCity/Models/Collisions/SM_Bld_Shop_01_Convex.asset
  artifactKey: Guid(305d9226eb3bcad4ca56dee923bd8fa8) Importer(815301076,1909f56bfc062723c751e8b465ee728b)
Start importing Assets/PolygonCity/Models/Collisions/SM_Bld_Shop_01_Convex.asset using Guid(305d9226eb3bcad4ca56dee923bd8fa8) Importer(815301076,1909f56bfc062723c751e8b465ee728b)  -> (artifact id: '762cb7351adf8cd511ced833783b7a1e') in 0.015382 seconds 
========================================================================
Received Import Request.
  Time since last request: 0.000023 seconds.
  path: Assets/PolygonCity/Models/Collisions/SM_Bld_OfficeOld_Large_Roof_01_Convex 1.asset
  artifactKey: Guid(c9031c5312642a249b43cd7a0160f338) Importer(815301076,1909f56bfc062723c751e8b465ee728b)
Start importing Assets/PolygonCity/Models/Collisions/SM_Bld_OfficeOld_Large_Roof_01_Convex 1.asset using Guid(c9031c5312642a249b43cd7a0160f338) Importer(815301076,1909f56bfc062723c751e8b465ee728b)  -> (artifact id: 'dc63d9d90f86d1b25d4db0f82dd7a34a') in 0.017034 seconds 
========================================================================
Received Import Request.
  Time since last request: 0.000024 seconds.
  path: Assets/PolygonCity/Models/Collisions/SM_Bld_OfficeSquare_01_Convex.asset
  artifactKey: Guid(b6fd2dfa5705da540b4f2425200445cb) Importer(815301076,1909f56bfc062723c751e8b465ee728b)
Start importing Assets/PolygonCity/Models/Collisions/SM_Bld_OfficeSquare_01_Convex.asset using Guid(b6fd2dfa5705da540b4f2425200445cb) Importer(815301076,1909f56bfc062723c751e8b465ee728b)  -> (artifact id: 'eed43aaacd454260172cf9cb4ae25930') in 0.012009 seconds 
========================================================================
Received Import Request.
  Time since last request: 0.000019 seconds.
  path: Assets/PolygonCity/Models/Collisions/SM_Bld_OfficeOld_Small_Base_01_Convex.asset
  artifactKey: Guid(a5df456c3bfaaf74eadc507016455311) Importer(815301076,1909f56bfc062723c751e8b465ee728b)
Start importing Assets/PolygonCity/Models/Collisions/SM_Bld_OfficeOld_Small_Base_01_Convex.asset using Guid(a5df456c3bfaaf74eadc507016455311) Importer(815301076,1909f56bfc062723c751e8b465ee728b)  -> (artifact id: '073ad403324134185cc8ce7b10fbe795') in 0.013734 seconds 
========================================================================
Received Import Request.
  Time since last request: 0.000021 seconds.
  path: Assets/PolygonCity/Models/Collisions/SM_Bld_OfficeOld_Small_02_Convex 1.asset
  artifactKey: Guid(810735e12d93cac4da82fa5cdbfd5e7b) Importer(815301076,1909f56bfc062723c751e8b465ee728b)
Start importing Assets/PolygonCity/Models/Collisions/SM_Bld_OfficeOld_Small_02_Convex 1.asset using Guid(810735e12d93cac4da82fa5cdbfd5e7b) Importer(815301076,1909f56bfc062723c751e8b465ee728b)  -> (artifact id: '47d50ff5c5aed3f645022ebcb5ebe144') in 0.020766 seconds 
========================================================================
Received Import Request.
  Time since last request: 0.000024 seconds.
  path: Assets/PolygonCity/Models/Collisions/SM_Bld_OfficeOld_Small_01_Convex 1.asset
  artifactKey: Guid(f70f84a4bc1b9b843a3f18fc93990c21) Importer(815301076,1909f56bfc062723c751e8b465ee728b)
Start importing Assets/PolygonCity/Models/Collisions/SM_Bld_OfficeOld_Small_01_Convex 1.asset using Guid(f70f84a4bc1b9b843a3f18fc93990c21) Importer(815301076,1909f56bfc062723c751e8b465ee728b)  -> (artifact id: 'e97d0369aa448c8556d9e279c7549485') in 0.031946 seconds 
========================================================================
Received Import Request.
  Time since last request: 0.000029 seconds.
  path: Assets/PolygonCity/Models/Collisions/SM_Bld_OfficeOld_Small_Floor_01_Convex.asset
  artifactKey: Guid(7858c6e518889e3468d44506d385fc4c) Importer(815301076,1909f56bfc062723c751e8b465ee728b)
Start importing Assets/PolygonCity/Models/Collisions/SM_Bld_OfficeOld_Small_Floor_01_Convex.asset using Guid(7858c6e518889e3468d44506d385fc4c) Importer(815301076,1909f56bfc062723c751e8b465ee728b)  -> (artifact id: '62a790d46cae19b5efdc01854d3db65b') in 0.013644 seconds 
========================================================================
Received Import Request.
  Time since last request: 0.000027 seconds.
  path: Assets/PolygonCity/Models/Collisions/SM_Bld_OfficeSquare_Base_01_Convex.asset
  artifactKey: Guid(a26dc6492e29f694f8188ef15a740071) Importer(815301076,1909f56bfc062723c751e8b465ee728b)
Start importing Assets/PolygonCity/Models/Collisions/SM_Bld_OfficeSquare_Base_01_Convex.asset using Guid(a26dc6492e29f694f8188ef15a740071) Importer(815301076,1909f56bfc062723c751e8b465ee728b)  -> (artifact id: '36688ace43232773a6343f4b8bb93662') in 0.021398 seconds 
========================================================================
Received Import Request.
  Time since last request: 0.000035 seconds.
  path: Assets/PolygonCity/Models/Collisions/SM_Bld_OfficeRound_Roof_01_Convex 1.asset
  artifactKey: Guid(6f2086f3336bccd4eb86cd3abc8bf2f6) Importer(815301076,1909f56bfc062723c751e8b465ee728b)
Start importing Assets/PolygonCity/Models/Collisions/SM_Bld_OfficeRound_Roof_01_Convex 1.asset using Guid(6f2086f3336bccd4eb86cd3abc8bf2f6) Importer(815301076,1909f56bfc062723c751e8b465ee728b)  -> (artifact id: '18f560e8b547e7497964e095c183b6d4') in 0.013945 seconds 
========================================================================
Received Import Request.
  Time since last request: 0.000023 seconds.
  path: Assets/PolygonCity/Models/Collisions/SM_Bld_OfficeOld_Small_01_Convex 4.asset
  artifactKey: Guid(11864b02630df014ca3608c64e986829) Importer(815301076,1909f56bfc062723c751e8b465ee728b)
Start importing Assets/PolygonCity/Models/Collisions/SM_Bld_OfficeOld_Small_01_Convex 4.asset using Guid(11864b02630df014ca3608c64e986829) Importer(815301076,1909f56bfc062723c751e8b465ee728b)  -> (artifact id: 'd49fcf19d67a5c2dd7a69a00e9e9fc20') in 0.047050 seconds 
========================================================================
Received Import Request.
  Time since last request: 0.000024 seconds.
  path: Assets/PolygonCity/Models/Collisions/SM_Bld_Station_03_Convex 1.asset
  artifactKey: Guid(cc6ca2ef18431a14ba0a7519d70b7122) Importer(815301076,1909f56bfc062723c751e8b465ee728b)
Start importing Assets/PolygonCity/Models/Collisions/SM_Bld_Station_03_Convex 1.asset using Guid(cc6ca2ef18431a14ba0a7519d70b7122) Importer(815301076,1909f56bfc062723c751e8b465ee728b)  -> (artifact id: 'fad0f71d67ee4862e2c046d579ea0993') in 0.022052 seconds 
========================================================================
Received Import Request.
  Time since last request: 0.000028 seconds.
  path: Assets/PolygonCity/Models/Collisions/SM_Env_Cloud_02_Convex.asset
  artifactKey: Guid(e98c6890f1eba6549b045e4b9d14514d) Importer(815301076,1909f56bfc062723c751e8b465ee728b)
Start importing Assets/PolygonCity/Models/Collisions/SM_Env_Cloud_02_Convex.asset using Guid(e98c6890f1eba6549b045e4b9d14514d) Importer(815301076,1909f56bfc062723c751e8b465ee728b)  -> (artifact id: '7275ed51ca265014bd8679a7fe1b2fa1') in 0.021363 seconds 
========================================================================
Received Import Request.
  Time since last request: 0.000020 seconds.
  path: Assets/PolygonCity/Models/Collisions/SM_Env_Cloud_01_Convex 1.asset
  artifactKey: Guid(bdfb2cd57127f7a49b8e248c4f592391) Importer(815301076,1909f56bfc062723c751e8b465ee728b)
Start importing Assets/PolygonCity/Models/Collisions/SM_Env_Cloud_01_Convex 1.asset using Guid(bdfb2cd57127f7a49b8e248c4f592391) Importer(815301076,1909f56bfc062723c751e8b465ee728b)  -> (artifact id: '1c2fa7e7d74565fed11c16ab4dc87ffc') in 0.017171 seconds 
========================================================================
Received Import Request.
  Time since last request: 0.000032 seconds.
  path: Assets/PolygonCity/Models/Collisions/SM_Bld_Shop_Cover_05_Convex.asset
  artifactKey: Guid(7a0b232c70b5dfe419afa0fbc2416eed) Importer(815301076,1909f56bfc062723c751e8b465ee728b)
Start importing Assets/PolygonCity/Models/Collisions/SM_Bld_Shop_Cover_05_Convex.asset using Guid(7a0b232c70b5dfe419afa0fbc2416eed) Importer(815301076,1909f56bfc062723c751e8b465ee728b)  -> (artifact id: 'f72902cd3917be13d542ec757d96eb5a') in 0.011794 seconds 
========================================================================
Received Import Request.
  Time since last request: 0.000025 seconds.
  path: Assets/PolygonCity/Models/Collisions/SM_Bld_Shop_Corner_02_Convex 1.asset
  artifactKey: Guid(ca39e32191f9a5c42a316c1f9fa08588) Importer(815301076,1909f56bfc062723c751e8b465ee728b)
Start importing Assets/PolygonCity/Models/Collisions/SM_Bld_Shop_Corner_02_Convex 1.asset using Guid(ca39e32191f9a5c42a316c1f9fa08588) Importer(815301076,1909f56bfc062723c751e8b465ee728b)  -> (artifact id: '8a6ae3f6e6110c62e65e7da81a7af90b') in 0.018000 seconds 
========================================================================
Received Import Request.
  Time since last request: 0.000031 seconds.
  path: Assets/PolygonCity/Models/Collisions/SM_Bld_Station_01_Convex 1.asset
  artifactKey: Guid(4af721d7c4a2f6e4c97ff5288cdaf01e) Importer(815301076,1909f56bfc062723c751e8b465ee728b)
Start importing Assets/PolygonCity/Models/Collisions/SM_Bld_Station_01_Convex 1.asset using Guid(4af721d7c4a2f6e4c97ff5288cdaf01e) Importer(815301076,1909f56bfc062723c751e8b465ee728b)  -> (artifact id: '0ddb042533cc9e20d1b83c52033e027e') in 0.030955 seconds 
========================================================================
Received Import Request.
  Time since last request: 0.000026 seconds.
  path: Assets/PolygonCity/Models/Collisions/SM_Bld_Shop_Cover_02_Convex 1.asset
  artifactKey: Guid(ff0e5b89385d1d947b761048107a7114) Importer(815301076,1909f56bfc062723c751e8b465ee728b)
Start importing Assets/PolygonCity/Models/Collisions/SM_Bld_Shop_Cover_02_Convex 1.asset using Guid(ff0e5b89385d1d947b761048107a7114) Importer(815301076,1909f56bfc062723c751e8b465ee728b)  -> (artifact id: '9409bc0c645e7991b5a56d91b2c56133') in 0.019432 seconds 
========================================================================
Received Import Request.
  Time since last request: 0.000023 seconds.
  path: Assets/PolygonCity/Models/Collisions/SM_Bld_Shop_Cover_04_Convex.asset
  artifactKey: Guid(be59ab7001373074180bc5f33c876fa7) Importer(815301076,1909f56bfc062723c751e8b465ee728b)
Start importing Assets/PolygonCity/Models/Collisions/SM_Bld_Shop_Cover_04_Convex.asset using Guid(be59ab7001373074180bc5f33c876fa7) Importer(815301076,1909f56bfc062723c751e8b465ee728b)  -> (artifact id: 'cb946bbe6d1043a75531438b810cb294') in 0.011495 seconds 
========================================================================
Received Import Request.
  Time since last request: 0.000029 seconds.
  path: Assets/PolygonCity/Models/Collisions/SM_Bld_Shop_Cover_03_Convex.asset
  artifactKey: Guid(13a5566062f2ddf4bafd264836e0c8e8) Importer(815301076,1909f56bfc062723c751e8b465ee728b)
Start importing Assets/PolygonCity/Models/Collisions/SM_Bld_Shop_Cover_03_Convex.asset using Guid(13a5566062f2ddf4bafd264836e0c8e8) Importer(815301076,1909f56bfc062723c751e8b465ee728b)  -> (artifact id: '233813e801349a5a0acf7d59ebaf93a5') in 0.014765 seconds 
========================================================================
Received Import Request.
  Time since last request: 0.000022 seconds.
  path: Assets/PolygonCity/Models/Collisions/SM_Bld_Shop_Cover_03_Convex 2.asset
  artifactKey: Guid(a91192333c40f9240a2b97bc86696bfd) Importer(815301076,1909f56bfc062723c751e8b465ee728b)
Start importing Assets/PolygonCity/Models/Collisions/SM_Bld_Shop_Cover_03_Convex 2.asset using Guid(a91192333c40f9240a2b97bc86696bfd) Importer(815301076,1909f56bfc062723c751e8b465ee728b)  -> (artifact id: '8294c96aa3a9bbac3115ccafebf094c9') in 0.025863 seconds 
========================================================================
Received Import Request.
  Time since last request: 0.000024 seconds.
  path: Assets/PolygonCity/Models/Collisions/SM_Env_Sidewalk_Dip_Corner_01_Convex 1.asset
  artifactKey: Guid(3bc17bcb0fad34b468eec40a60aee4de) Importer(815301076,1909f56bfc062723c751e8b465ee728b)
Start importing Assets/PolygonCity/Models/Collisions/SM_Env_Sidewalk_Dip_Corner_01_Convex 1.asset using Guid(3bc17bcb0fad34b468eec40a60aee4de) Importer(815301076,1909f56bfc062723c751e8b465ee728b)  -> (artifact id: '0c3d58816f79d432cdbda8c9a07a38f7') in 0.035027 seconds 
========================================================================
Received Import Request.
  Time since last request: 0.000070 seconds.
  path: Assets/PolygonCity/Models/Collisions/SM_Env_Tree_02_Convex.asset
  artifactKey: Guid(5e4bd9a949aa3ec4292d827c8b5c8037) Importer(815301076,1909f56bfc062723c751e8b465ee728b)
Start importing Assets/PolygonCity/Models/Collisions/SM_Env_Tree_02_Convex.asset using Guid(5e4bd9a949aa3ec4292d827c8b5c8037) Importer(815301076,1909f56bfc062723c751e8b465ee728b)  -> (artifact id: '073e12d264c25919f1df1565b2536a8c') in 0.013486 seconds 
========================================================================
Received Import Request.
  Time since last request: 0.000027 seconds.
  path: Assets/PolygonCity/Models/Collisions/SM_Env_Sidewalk_Corner_02_Convex.asset
  artifactKey: Guid(03b63d3b0c7381443a94f6619429f96c) Importer(815301076,1909f56bfc062723c751e8b465ee728b)
Start importing Assets/PolygonCity/Models/Collisions/SM_Env_Sidewalk_Corner_02_Convex.asset using Guid(03b63d3b0c7381443a94f6619429f96c) Importer(815301076,1909f56bfc062723c751e8b465ee728b)  -> (artifact id: '946030d3daa31105bb7f662bffec2266') in 0.016147 seconds 
========================================================================
Received Import Request.
  Time since last request: 0.000032 seconds.
  path: Assets/PolygonCity/Models/Collisions/SM_Env_GrassPath_Junction_01_Convex.asset
  artifactKey: Guid(9101e64b69baa124ab9ec2c8b6e3ffa2) Importer(815301076,1909f56bfc062723c751e8b465ee728b)
Start importing Assets/PolygonCity/Models/Collisions/SM_Env_GrassPath_Junction_01_Convex.asset using Guid(9101e64b69baa124ab9ec2c8b6e3ffa2) Importer(815301076,1909f56bfc062723c751e8b465ee728b)  -> (artifact id: 'fdbd7012685e0cc0af46b76ac93eefab') in 0.012445 seconds 
========================================================================
Received Import Request.
  Time since last request: 0.000034 seconds.
  path: Assets/PolygonCity/Models/Collisions/SM_Env_Path_Corner_01_Convex.asset
  artifactKey: Guid(b96e29a36fa850d429a0a43e2f31851d) Importer(815301076,1909f56bfc062723c751e8b465ee728b)
Start importing Assets/PolygonCity/Models/Collisions/SM_Env_Path_Corner_01_Convex.asset using Guid(b96e29a36fa850d429a0a43e2f31851d) Importer(815301076,1909f56bfc062723c751e8b465ee728b)  -> (artifact id: '9760a90304cae6dd63e6a0f7c381103e') in 0.014016 seconds 
========================================================================
Received Import Request.
  Time since last request: 0.000024 seconds.
  path: Assets/PolygonCity/Models/Collisions/SM_Env_Sidewalk_Grate_01_Convex 1.asset
  artifactKey: Guid(524e32ed7e0181d48aeb3c9593520257) Importer(815301076,1909f56bfc062723c751e8b465ee728b)
Start importing Assets/PolygonCity/Models/Collisions/SM_Env_Sidewalk_Grate_01_Convex 1.asset using Guid(524e32ed7e0181d48aeb3c9593520257) Importer(815301076,1909f56bfc062723c751e8b465ee728b)  -> (artifact id: '868cda96aa0bf5f8dabb6729a28de865') in 0.034366 seconds 
========================================================================
Received Import Request.
  Time since last request: 0.000024 seconds.
  path: Assets/PolygonCity/Models/Collisions/SM_Bld_Spire_01_Convex 1.asset
  artifactKey: Guid(ba2b512393eab4341a488fa8681866c2) Importer(815301076,1909f56bfc062723c751e8b465ee728b)
Start importing Assets/PolygonCity/Models/Collisions/SM_Bld_Spire_01_Convex 1.asset using Guid(ba2b512393eab4341a488fa8681866c2) Importer(815301076,1909f56bfc062723c751e8b465ee728b)  -> (artifact id: '30cef278b963cacac7ac3bdf31c221d5') in 0.017919 seconds 
========================================================================
Received Import Request.
  Time since last request: 0.000021 seconds.
  path: Assets/PolygonCity/Models/Collisions/SM_Bld_Shop_02_Convex 1.asset
  artifactKey: Guid(b3759506bc185b448b800db23e6c4e5a) Importer(815301076,1909f56bfc062723c751e8b465ee728b)
Start importing Assets/PolygonCity/Models/Collisions/SM_Bld_Shop_02_Convex 1.asset using Guid(b3759506bc185b448b800db23e6c4e5a) Importer(815301076,1909f56bfc062723c751e8b465ee728b)  -> (artifact id: 'df140f5f8dbc8514c30b5fe195b0dfb1') in 0.020993 seconds 
========================================================================
Received Import Request.
  Time since last request: 0.000040 seconds.
  path: Assets/PolygonCity/Models/Collisions/SM_Env_Sidewalk_Corner_02_Convex 1.asset
  artifactKey: Guid(f94f29d9d76b76e458477f0d92dfaca8) Importer(815301076,1909f56bfc062723c751e8b465ee728b)
Start importing Assets/PolygonCity/Models/Collisions/SM_Env_Sidewalk_Corner_02_Convex 1.asset using Guid(f94f29d9d76b76e458477f0d92dfaca8) Importer(815301076,1909f56bfc062723c751e8b465ee728b)  -> (artifact id: '2bd29bf0b24b533a58d8f03b9e8a986b') in 0.031912 seconds 
========================================================================
Received Import Request.
  Time since last request: 0.000034 seconds.
  path: Assets/PolygonCity/Models/Collisions/SM_Env_SubwayEntrance_02_Convex 1.asset
  artifactKey: Guid(fde106306e5531143bd6acff06cb3614) Importer(815301076,1909f56bfc062723c751e8b465ee728b)
Start importing Assets/PolygonCity/Models/Collisions/SM_Env_SubwayEntrance_02_Convex 1.asset using Guid(fde106306e5531143bd6acff06cb3614) Importer(815301076,1909f56bfc062723c751e8b465ee728b)  -> (artifact id: 'b335f0a0f9dc40226fe35033a9046af4') in 0.038286 seconds 
========================================================================
Received Import Request.
  Time since last request: 0.000034 seconds.
  path: Assets/PolygonCity/Models/Collisions/SM_Env_Sidewalk_Corner_01_Convex 1.asset
  artifactKey: Guid(a0ca03e8d471419418651e2a363ddc12) Importer(815301076,1909f56bfc062723c751e8b465ee728b)
Start importing Assets/PolygonCity/Models/Collisions/SM_Env_Sidewalk_Corner_01_Convex 1.asset using Guid(a0ca03e8d471419418651e2a363ddc12) Importer(815301076,1909f56bfc062723c751e8b465ee728b)  -> (artifact id: '392b87d277624e9eab609debdf788327') in 0.034529 seconds 
========================================================================
Received Import Request.
  Time since last request: 0.000055 seconds.
  path: Assets/PolygonCity/Models/Collisions/SM_Bld_Station_01_Convex 2.asset
  artifactKey: Guid(f7815a4a6f2ec884bb49e90073f72231) Importer(815301076,1909f56bfc062723c751e8b465ee728b)
Start importing Assets/PolygonCity/Models/Collisions/SM_Bld_Station_01_Convex 2.asset using Guid(f7815a4a6f2ec884bb49e90073f72231) Importer(815301076,1909f56bfc062723c751e8b465ee728b)  -> (artifact id: 'e7c8345736dd6829361dc46b7d6be512') in 0.017049 seconds 
========================================================================
Received Import Request.
  Time since last request: 0.000023 seconds.
  path: Assets/PolygonCity/Models/Collisions/SM_Env_Sidewalk_Gutter_01_Convex.asset
  artifactKey: Guid(d940d3c0c2f73e3468b8f85b6982d0d8) Importer(815301076,1909f56bfc062723c751e8b465ee728b)
Start importing Assets/PolygonCity/Models/Collisions/SM_Env_Sidewalk_Gutter_01_Convex.asset using Guid(d940d3c0c2f73e3468b8f85b6982d0d8) Importer(815301076,1909f56bfc062723c751e8b465ee728b)  -> (artifact id: 'd8e60f03a5eb05f3e6c536249b0c173d') in 0.011378 seconds 
========================================================================
Received Import Request.
  Time since last request: 0.000020 seconds.
  path: Assets/PolygonCity/Models/Collisions/SM_Bld_OfficeRound_Roof_01_Convex 4.asset
  artifactKey: Guid(6084313b6139c0f4e84bf48f7ee77b50) Importer(815301076,1909f56bfc062723c751e8b465ee728b)
Start importing Assets/PolygonCity/Models/Collisions/SM_Bld_OfficeRound_Roof_01_Convex 4.asset using Guid(6084313b6139c0f4e84bf48f7ee77b50) Importer(815301076,1909f56bfc062723c751e8b465ee728b)  -> (artifact id: '082823261809b2c5ebfb2d9ca8310b37') in 0.011987 seconds 
========================================================================
Received Import Request.
  Time since last request: 0.000024 seconds.
  path: Assets/PolygonCity/Models/Collisions/SM_Env_Tree_03_Convex.asset
  artifactKey: Guid(fb603dd4637914d42a1b038c1082f320) Importer(815301076,1909f56bfc062723c751e8b465ee728b)
Start importing Assets/PolygonCity/Models/Collisions/SM_Env_Tree_03_Convex.asset using Guid(fb603dd4637914d42a1b038c1082f320) Importer(815301076,1909f56bfc062723c751e8b465ee728b)  -> (artifact id: '74fb879c6d20918fcbb5dd30ecb0d24a') in 0.019159 seconds 
========================================================================
Received Import Request.
  Time since last request: 0.000019 seconds.
  path: Assets/PolygonCity/Models/Collisions/SM_Env_Sidewalk_Gutter_01_Convex 1.asset
  artifactKey: Guid(b00a0755290cec344887d3615667b423) Importer(815301076,1909f56bfc062723c751e8b465ee728b)
Start importing Assets/PolygonCity/Models/Collisions/SM_Env_Sidewalk_Gutter_01_Convex 1.asset using Guid(b00a0755290cec344887d3615667b423) Importer(815301076,1909f56bfc062723c751e8b465ee728b)  -> (artifact id: '32543dbb2e6b55cd95de945fed2b9d5f') in 0.030489 seconds 
========================================================================
Received Import Request.
  Time since last request: 0.000024 seconds.
  path: Assets/PolygonCity/Models/Collisions/SM_Env_Road_Lines_01_Convex.asset
  artifactKey: Guid(e9671fa13669de84daa608f964bba112) Importer(815301076,1909f56bfc062723c751e8b465ee728b)
Start importing Assets/PolygonCity/Models/Collisions/SM_Env_Road_Lines_01_Convex.asset using Guid(e9671fa13669de84daa608f964bba112) Importer(815301076,1909f56bfc062723c751e8b465ee728b)  -> (artifact id: 'b8b2da964a370f3443139634186d85bc') in 0.012441 seconds 
========================================================================
Received Import Request.
  Time since last request: 0.000024 seconds.
  path: Assets/PolygonCity/Models/Collisions/SM_Bld_OfficeRound_04_Convex 1.asset
  artifactKey: Guid(f617f930f31b52340b6e11244098daec) Importer(815301076,1909f56bfc062723c751e8b465ee728b)
Start importing Assets/PolygonCity/Models/Collisions/SM_Bld_OfficeRound_04_Convex 1.asset using Guid(f617f930f31b52340b6e11244098daec) Importer(815301076,1909f56bfc062723c751e8b465ee728b)  -> (artifact id: '62664f5df6b3d1ef0d9715b068a98e3e') in 0.011325 seconds 
========================================================================
Received Import Request.
  Time since last request: 0.000026 seconds.
  path: Assets/PolygonCity/Models/Collisions/SM_Bld_Shop_Cover_03_Convex 1.asset
  artifactKey: Guid(c4de190e538d1cd4fb60cca7b06c4453) Importer(815301076,1909f56bfc062723c751e8b465ee728b)
Start importing Assets/PolygonCity/Models/Collisions/SM_Bld_Shop_Cover_03_Convex 1.asset using Guid(c4de190e538d1cd4fb60cca7b06c4453) Importer(815301076,1909f56bfc062723c751e8b465ee728b)  -> (artifact id: '88b4999ecb68b514e13b316ae085307e') in 0.023750 seconds 
========================================================================
Received Import Request.
  Time since last request: 0.000033 seconds.
  path: Assets/PolygonCity/Models/Collisions/SM_Bld_OfficeOld_Large_Roof_01_Convex.asset
  artifactKey: Guid(1e4b2ab1a84a4c842b0e9a9a54af1681) Importer(815301076,1909f56bfc062723c751e8b465ee728b)
Start importing Assets/PolygonCity/Models/Collisions/SM_Bld_OfficeOld_Large_Roof_01_Convex.asset using Guid(1e4b2ab1a84a4c842b0e9a9a54af1681) Importer(815301076,1909f56bfc062723c751e8b465ee728b)  -> (artifact id: 'ab141f613987dd15937b527b67a0d735') in 0.014283 seconds 
========================================================================
Received Import Request.
  Time since last request: 0.000038 seconds.
  path: Assets/PolygonCity/Models/Collisions/SM_Bld_Shop_Corner_01_Convex.asset
  artifactKey: Guid(9a340b263cb322d46998cfd856a67547) Importer(815301076,1909f56bfc062723c751e8b465ee728b)
Start importing Assets/PolygonCity/Models/Collisions/SM_Bld_Shop_Corner_01_Convex.asset using Guid(9a340b263cb322d46998cfd856a67547) Importer(815301076,1909f56bfc062723c751e8b465ee728b)  -> (artifact id: 'dd8af1287aa8be263293431524e11d71') in 0.015603 seconds 
========================================================================
Received Import Request.
  Time since last request: 0.000024 seconds.
  path: Assets/PolygonCity/Models/Collisions/SM_Env_GrassPath_T_01_Convex.asset
  artifactKey: Guid(3957f9da14ec5454ea7fd7f709e1106f) Importer(815301076,1909f56bfc062723c751e8b465ee728b)
Start importing Assets/PolygonCity/Models/Collisions/SM_Env_GrassPath_T_01_Convex.asset using Guid(3957f9da14ec5454ea7fd7f709e1106f) Importer(815301076,1909f56bfc062723c751e8b465ee728b)  -> (artifact id: '5a18532333af52fc206f50bf346bd60a') in 0.013494 seconds 
========================================================================
Received Import Request.
  Time since last request: 0.000029 seconds.
  path: Assets/PolygonCity/Models/Collisions/SM_Bld_Shop_01_Convex 1.asset
  artifactKey: Guid(08f252a4011784244a9d6c53e18b1f7c) Importer(815301076,1909f56bfc062723c751e8b465ee728b)
Start importing Assets/PolygonCity/Models/Collisions/SM_Bld_Shop_01_Convex 1.asset using Guid(08f252a4011784244a9d6c53e18b1f7c) Importer(815301076,1909f56bfc062723c751e8b465ee728b)  -> (artifact id: '8acdabe68df4064a95589c57e6b0554c') in 0.024673 seconds 
========================================================================
Received Import Request.
  Time since last request: 0.000021 seconds.
  path: Assets/PolygonCity/Models/Collisions/SM_Env_Path_Corner_01_Convex 1.asset
  artifactKey: Guid(480666a54926bdc4795d132f23699a1d) Importer(815301076,1909f56bfc062723c751e8b465ee728b)
Start importing Assets/PolygonCity/Models/Collisions/SM_Env_Path_Corner_01_Convex 1.asset using Guid(480666a54926bdc4795d132f23699a1d) Importer(815301076,1909f56bfc062723c751e8b465ee728b)  -> (artifact id: 'f9ab8d8a307f4357fb3e9059c7a8f895') in 0.035669 seconds 
========================================================================
Received Import Request.
  Time since last request: 0.000021 seconds.
  path: Assets/PolygonCity/Models/Collisions/SM_Env_SubwayEntrance_01_Convex 1.asset
  artifactKey: Guid(9fdde8e88831b3046a2a29056760c40f) Importer(815301076,1909f56bfc062723c751e8b465ee728b)
Start importing Assets/PolygonCity/Models/Collisions/SM_Env_SubwayEntrance_01_Convex 1.asset using Guid(9fdde8e88831b3046a2a29056760c40f) Importer(815301076,1909f56bfc062723c751e8b465ee728b)  -> (artifact id: '53d311efc77441e71a0a82650b3fbf09') in 0.033692 seconds 
========================================================================
Received Import Request.
  Time since last request: 0.000026 seconds.
  path: Assets/PolygonCity/Models/Collisions/SM_Bld_OfficeRound_03_Convex.asset
  artifactKey: Guid(9da720941ab2a3547ab9059ab7048221) Importer(815301076,1909f56bfc062723c751e8b465ee728b)
Start importing Assets/PolygonCity/Models/Collisions/SM_Bld_OfficeRound_03_Convex.asset using Guid(9da720941ab2a3547ab9059ab7048221) Importer(815301076,1909f56bfc062723c751e8b465ee728b)  -> (artifact id: '7c5c4862d70aa3799a0087e9e4728abd') in 0.013182 seconds 
========================================================================
Received Import Request.
  Time since last request: 0.000026 seconds.
  path: Assets/PolygonCity/Models/Collisions/SM_Env_Sidewalk_Construction_01_Convex 1.asset
  artifactKey: Guid(cf9f8e047e0679b4c971e9b9c660c13e) Importer(815301076,1909f56bfc062723c751e8b465ee728b)
Start importing Assets/PolygonCity/Models/Collisions/SM_Env_Sidewalk_Construction_01_Convex 1.asset using Guid(cf9f8e047e0679b4c971e9b9c660c13e) Importer(815301076,1909f56bfc062723c751e8b465ee728b)  -> (artifact id: 'eb96d191f31463dbc8f69219ebafab37') in 0.038444 seconds 
========================================================================
Received Import Request.
  Time since last request: 0.000035 seconds.
  path: Assets/PolygonCity/Models/Collisions/SM_Env_Sidewalk_Panel_01_Convex 1.asset
  artifactKey: Guid(7343ad60e525c7a418214acfacba8fc5) Importer(815301076,1909f56bfc062723c751e8b465ee728b)
Start importing Assets/PolygonCity/Models/Collisions/SM_Env_Sidewalk_Panel_01_Convex 1.asset using Guid(7343ad60e525c7a418214acfacba8fc5) Importer(815301076,1909f56bfc062723c751e8b465ee728b)  -> (artifact id: 'de3fbcaf410d0c1ca3511d27f935487f') in 0.033712 seconds 
========================================================================
Received Import Request.
  Time since last request: 0.000030 seconds.
  path: Assets/PolygonCity/Models/Collisions/SM_Env_Road_Arrow_02_Convex.asset
  artifactKey: Guid(e1969df9adfff2f40816f7445423e4ac) Importer(815301076,1909f56bfc062723c751e8b465ee728b)
Start importing Assets/PolygonCity/Models/Collisions/SM_Env_Road_Arrow_02_Convex.asset using Guid(e1969df9adfff2f40816f7445423e4ac) Importer(815301076,1909f56bfc062723c751e8b465ee728b)  -> (artifact id: '06ec9de6b8fd5ee0d6c9436a4d366dcc') in 0.014377 seconds 
========================================================================
Received Import Request.
  Time since last request: 0.000031 seconds.
  path: Assets/PolygonCity/Models/Collisions/SM_Env_Sidewalk_Straight_02_Convex 1.asset
  artifactKey: Guid(869aa0b2f29147f49bbbe28d60532e50) Importer(815301076,1909f56bfc062723c751e8b465ee728b)
Start importing Assets/PolygonCity/Models/Collisions/SM_Env_Sidewalk_Straight_02_Convex 1.asset using Guid(869aa0b2f29147f49bbbe28d60532e50) Importer(815301076,1909f56bfc062723c751e8b465ee728b)  -> (artifact id: '22a7ac4a53d2410097b457ec2e795ffa') in 0.036450 seconds 
========================================================================
Received Import Request.
  Time since last request: 0.000029 seconds.
  path: Assets/PolygonCity/Models/Collisions/SM_Env_Road_02_Convex.asset
  artifactKey: Guid(3cb728cce948d214bb197158f06d3d95) Importer(815301076,1909f56bfc062723c751e8b465ee728b)
Start importing Assets/PolygonCity/Models/Collisions/SM_Env_Road_02_Convex.asset using Guid(3cb728cce948d214bb197158f06d3d95) Importer(815301076,1909f56bfc062723c751e8b465ee728b)  -> (artifact id: 'ea9f101cc7904aabce10c4d6ab6a2e88') in 0.013082 seconds 
========================================================================
Received Import Request.
  Time since last request: 0.000029 seconds.
  path: Assets/PolygonCity/Models/Collisions/SM_Env_SubwayEntrance_02_Convex 4.asset
  artifactKey: Guid(449e96edec15e1a45a422ec5304b2431) Importer(815301076,1909f56bfc062723c751e8b465ee728b)
Start importing Assets/PolygonCity/Models/Collisions/SM_Env_SubwayEntrance_02_Convex 4.asset using Guid(449e96edec15e1a45a422ec5304b2431) Importer(815301076,1909f56bfc062723c751e8b465ee728b)  -> (artifact id: 'a87eaa3da53c52488f5bb4d7471d9d9c') in 0.031308 seconds 
========================================================================
Received Import Request.
  Time since last request: 0.000023 seconds.
  path: Assets/PolygonCity/Models/Collisions/SM_Env_WaterEdge_Pipe_01_Convex 1.asset
  artifactKey: Guid(5a856496cd41bd8408cc88c309515b0f) Importer(815301076,1909f56bfc062723c751e8b465ee728b)
Start importing Assets/PolygonCity/Models/Collisions/SM_Env_WaterEdge_Pipe_01_Convex 1.asset using Guid(5a856496cd41bd8408cc88c309515b0f) Importer(815301076,1909f56bfc062723c751e8b465ee728b)  -> (artifact id: 'fb5b65f9c32d871c038a3098fc41852d') in 0.036542 seconds 
========================================================================
Received Import Request.
  Time since last request: 0.000036 seconds.
  path: Assets/PolygonCity/Models/Collisions/SM_Env_Sidewalk_Grate_01_Convex.asset
  artifactKey: Guid(1fa134959d9d7ce41b68ee92cead066b) Importer(815301076,1909f56bfc062723c751e8b465ee728b)
Start importing Assets/PolygonCity/Models/Collisions/SM_Env_Sidewalk_Grate_01_Convex.asset using Guid(1fa134959d9d7ce41b68ee92cead066b) Importer(815301076,1909f56bfc062723c751e8b465ee728b)  -> (artifact id: '31f0912df6b328c9c5d20d6a56b81a24') in 0.015625 seconds 
========================================================================
Received Import Request.
  Time since last request: 0.000029 seconds.
  path: Assets/PolygonCity/Models/Collisions/SM_Env_Sidewalk_Dip_Corner_01_Convex.asset
  artifactKey: Guid(01bc7890bbf7756479b32a6c06a01dde) Importer(815301076,1909f56bfc062723c751e8b465ee728b)
Start importing Assets/PolygonCity/Models/Collisions/SM_Env_Sidewalk_Dip_Corner_01_Convex.asset using Guid(01bc7890bbf7756479b32a6c06a01dde) Importer(815301076,1909f56bfc062723c751e8b465ee728b)  -> (artifact id: '0d814bd89afbfb140ce1d89a52f851fa') in 0.013084 seconds 
========================================================================
Received Import Request.
  Time since last request: 0.000032 seconds.
  path: Assets/PolygonCity/Models/Collisions/SM_Bld_Station_02_Convex.asset
  artifactKey: Guid(1d12b7410cd29b0418a05b3dfeb0321f) Importer(815301076,1909f56bfc062723c751e8b465ee728b)
Start importing Assets/PolygonCity/Models/Collisions/SM_Bld_Station_02_Convex.asset using Guid(1d12b7410cd29b0418a05b3dfeb0321f) Importer(815301076,1909f56bfc062723c751e8b465ee728b)  -> (artifact id: 'cabc7dfd63a18b182463606e4dc144a1') in 0.013235 seconds 
========================================================================
Received Import Request.
  Time since last request: 0.000029 seconds.
  path: Assets/PolygonCity/Models/Collisions/SM_Env_Cloud_02_Convex 1.asset
  artifactKey: Guid(ec37e68a22da761468da0fc6e6b28f31) Importer(815301076,1909f56bfc062723c751e8b465ee728b)
Start importing Assets/PolygonCity/Models/Collisions/SM_Env_Cloud_02_Convex 1.asset using Guid(ec37e68a22da761468da0fc6e6b28f31) Importer(815301076,1909f56bfc062723c751e8b465ee728b)  -> (artifact id: '5647ee8f481b5e88315cf419bce1c063') in 0.018253 seconds 
========================================================================
Received Import Request.
  Time since last request: 0.000026 seconds.
  path: Assets/PolygonCity/Models/Collisions/SM_Env_Sidewalk_Grate_02_Convex.asset
  artifactKey: Guid(e2e2cc90fb37ba1488821cdc6e0a4c6a) Importer(815301076,1909f56bfc062723c751e8b465ee728b)
Start importing Assets/PolygonCity/Models/Collisions/SM_Env_Sidewalk_Grate_02_Convex.asset using Guid(e2e2cc90fb37ba1488821cdc6e0a4c6a) Importer(815301076,1909f56bfc062723c751e8b465ee728b)  -> (artifact id: '0425cb023702babe75c122377603ab93') in 0.014822 seconds 
========================================================================
Received Import Request.
  Time since last request: 0.000026 seconds.
  path: Assets/PolygonCity/Models/Collisions/SM_Bld_Shop_04_Convex.asset
  artifactKey: Guid(6aa0cf3ed893c0549a3b7b07572c68fa) Importer(815301076,1909f56bfc062723c751e8b465ee728b)
Start importing Assets/PolygonCity/Models/Collisions/SM_Bld_Shop_04_Convex.asset using Guid(6aa0cf3ed893c0549a3b7b07572c68fa) Importer(815301076,1909f56bfc062723c751e8b465ee728b)  -> (artifact id: '3ea618d2b314b30b54a24085af03750e') in 0.012783 seconds 
========================================================================
Received Import Request.
  Time since last request: 0.000032 seconds.
  path: Assets/PolygonCity/Models/Collisions/SM_Bld_OfficeRound_01_Convex 1.asset
  artifactKey: Guid(aca870d3aeae0144aa87894aa358fa0d) Importer(815301076,1909f56bfc062723c751e8b465ee728b)
Start importing Assets/PolygonCity/Models/Collisions/SM_Bld_OfficeRound_01_Convex 1.asset using Guid(aca870d3aeae0144aa87894aa358fa0d) Importer(815301076,1909f56bfc062723c751e8b465ee728b)  -> (artifact id: '6e4838ffa89accefffb707d3de791c09') in 0.014862 seconds 
========================================================================
Received Import Request.
  Time since last request: 0.000035 seconds.
  path: Assets/PolygonCity/Models/Collisions/SM_Bld_OfficeRound_02_Convex.asset
  artifactKey: Guid(321a3678ae32dd44889a3b29dbea8269) Importer(815301076,1909f56bfc062723c751e8b465ee728b)
Start importing Assets/PolygonCity/Models/Collisions/SM_Bld_OfficeRound_02_Convex.asset using Guid(321a3678ae32dd44889a3b29dbea8269) Importer(815301076,1909f56bfc062723c751e8b465ee728b)  -> (artifact id: '745692659b2c0da188f3c1b73a7a89aa') in 0.013852 seconds 
========================================================================
Received Import Request.
  Time since last request: 0.000021 seconds.
  path: Assets/PolygonCity/Models/Collisions/SM_Bld_OfficeOld_Small_Roof_01_Convex.asset
  artifactKey: Guid(cfe99355a18d6cf4097cd1c7249a50a6) Importer(815301076,1909f56bfc062723c751e8b465ee728b)
Start importing Assets/PolygonCity/Models/Collisions/SM_Bld_OfficeOld_Small_Roof_01_Convex.asset using Guid(cfe99355a18d6cf4097cd1c7249a50a6) Importer(815301076,1909f56bfc062723c751e8b465ee728b)  -> (artifact id: 'ebdd6ef6fe695f2c99ca6e1831c5f253') in 0.014098 seconds 
========================================================================
Received Import Request.
  Time since last request: 0.000028 seconds.
  path: Assets/PolygonCity/Models/Collisions/SM_Env_Road_YellowLines_01_Convex.asset
  artifactKey: Guid(4f4c7f0068c3b15408098a421a374bc4) Importer(815301076,1909f56bfc062723c751e8b465ee728b)
Start importing Assets/PolygonCity/Models/Collisions/SM_Env_Road_YellowLines_01_Convex.asset using Guid(4f4c7f0068c3b15408098a421a374bc4) Importer(815301076,1909f56bfc062723c751e8b465ee728b)  -> (artifact id: 'f27315d900530b69dce753b9bcf6c458') in 0.014524 seconds 
========================================================================
Received Import Request.
  Time since last request: 0.000029 seconds.
  path: Assets/PolygonCity/Models/Collisions/SM_Bld_Shop_Corner_01_Convex 1.asset
  artifactKey: Guid(0ae9f62842940cd45ba901337d7763a8) Importer(815301076,1909f56bfc062723c751e8b465ee728b)
Start importing Assets/PolygonCity/Models/Collisions/SM_Bld_Shop_Corner_01_Convex 1.asset using Guid(0ae9f62842940cd45ba901337d7763a8) Importer(815301076,1909f56bfc062723c751e8b465ee728b)  -> (artifact id: '7c896cd9951f98897cb804f5a8e4d904') in 0.027631 seconds 
========================================================================
Received Import Request.
  Time since last request: 0.000040 seconds.
  path: Assets/PolygonCity/Models/Collisions/SM_Env_SubwayEntrance_02_Convex 2.asset
  artifactKey: Guid(e2e339d3650b3d048aba8a7b19ee51c1) Importer(815301076,1909f56bfc062723c751e8b465ee728b)
Start importing Assets/PolygonCity/Models/Collisions/SM_Env_SubwayEntrance_02_Convex 2.asset using Guid(e2e339d3650b3d048aba8a7b19ee51c1) Importer(815301076,1909f56bfc062723c751e8b465ee728b)  -> (artifact id: '554c4877cbea8bf6eeb56741590d2404') in 0.022076 seconds 
========================================================================
Received Import Request.
  Time since last request: 0.000025 seconds.
  path: Assets/PolygonCity/Models/Collisions/SM_Env_Bridge_Wall_01_Convex.asset
  artifactKey: Guid(71c3d16672c00bf4780d73ff296e271e) Importer(815301076,1909f56bfc062723c751e8b465ee728b)
Start importing Assets/PolygonCity/Models/Collisions/SM_Env_Bridge_Wall_01_Convex.asset using Guid(71c3d16672c00bf4780d73ff296e271e) Importer(815301076,1909f56bfc062723c751e8b465ee728b)  -> (artifact id: '41b8c2cf8128025e60f1f7b36cf63f50') in 0.014595 seconds 
========================================================================
Received Import Request.
  Time since last request: 0.000037 seconds.
  path: Assets/PolygonCity/Models/Collisions/SM_Env_Cloud_03_Convex 1.asset
  artifactKey: Guid(d3c3ee7f069db0e46bb556da71739cd5) Importer(815301076,1909f56bfc062723c751e8b465ee728b)
Start importing Assets/PolygonCity/Models/Collisions/SM_Env_Cloud_03_Convex 1.asset using Guid(d3c3ee7f069db0e46bb556da71739cd5) Importer(815301076,1909f56bfc062723c751e8b465ee728b)  -> (artifact id: 'a485f3bc0eb34ed828267a33b545222b') in 0.011591 seconds 
========================================================================
Received Import Request.
  Time since last request: 0.000028 seconds.
  path: Assets/PolygonCity/Models/Collisions/SM_Bld_OfficeRound_01_Convex.asset
  artifactKey: Guid(4e11a635cd0c024409d7adbbc388ee04) Importer(815301076,1909f56bfc062723c751e8b465ee728b)
Start importing Assets/PolygonCity/Models/Collisions/SM_Bld_OfficeRound_01_Convex.asset using Guid(4e11a635cd0c024409d7adbbc388ee04) Importer(815301076,1909f56bfc062723c751e8b465ee728b)  -> (artifact id: '7fe4497c65b19380e01e674e8226f47f') in 0.011681 seconds 
Editor requested this worker to shutdown with reason: Scaling down because of idle timeout
AssetImportWorker is now disconnected from the server
Process exiting
Exiting without the bug reporter. Application will terminate with return code 0